    Finished dev [unoptimized + debuginfo] target(s) in 0.08s
     Running `target/debug/ci`
Ok(
    AppConfig {
        blockchain: BlockchainSettings {
            name: "btc",
            db_path: "/home/lisak/.chain-indexer",
            api_host: "http://127.0.0.1:8332",
            api_username: "pragmaxim",
            api_password: "W4t3rf0rd1985",
        },
        indexer: IndexerSettings {
            utxo_indexes: [
                "address",
                "script_hash",
            ],
        },
    },
)
[2024-07-01 23:11:29] INFO Number of CPU cores: 52
[2024-07-01 23:11:32] INFO Indexing from 137218 to 844566
[2024-07-01 23:11:50] INFO Processed 42623 txs with indexing Speed: 2507.2 txs/sec
[2024-07-01 23:11:55] INFO Block @ 138000 : 2011-07-25 18:17:58 : 86b83ba2bbf71cf35380acccab45c54ee62a0b1c51a5b6c74400000000000000
[2024-07-01 23:12:12] INFO Processed 90158 txs with indexing Speed: 2311.7 txs/sec
[2024-07-01 23:12:16] INFO Block @ 139000 : 2011-07-31 18:46:22 : cbe5537156c25337dcb316250abbef84d10c2978a2aee8642a03000000000000
[2024-07-01 23:12:34] INFO Processed 143785 txs with indexing Speed: 2357.1 txs/sec
[2024-07-01 23:12:35] INFO Block @ 140000 : 2011-08-07 17:49:38 : db97f2fe217299bd8205663dc526ecf0de6600a81747cf286e08000000000000
[2024-07-01 23:12:56] INFO Processed 198786 txs with indexing Speed: 2395.0 txs/sec
[2024-07-01 23:12:57] INFO Block @ 141000 : 2011-08-15 01:43:51 : becc2a8650895a2f11b5a2bc8738005c5f36866e5873084c9c07000000000000
[2024-07-01 23:13:19] INFO Processed 255180 txs with indexing Speed: 2384.9 txs/sec
[2024-07-01 23:13:22] INFO Block @ 142000 : 2011-08-22 00:49:00 : 851f310620b7f4f999f110ca879fc2b93937d20cf1f526983706000000000000
[2024-07-01 23:13:40] INFO Processed 302038 txs with indexing Speed: 2378.3 txs/sec
[2024-07-01 23:13:45] INFO Block @ 143000 : 2011-08-29 05:31:34 : f859bc0cbac12b84dd61ba6c9d5257662bc851b5469a44d26b02000000000000
[2024-07-01 23:14:03] INFO Processed 355886 txs with indexing Speed: 2356.9 txs/sec
[2024-07-01 23:14:05] INFO Block @ 144000 : 2011-09-05 04:32:12 : 07fd53df89eddddacd1b09e1248d0419e4ce5404b51b3fa78106000000000000
[2024-07-01 23:14:26] INFO Processed 406117 txs with indexing Speed: 2334.0 txs/sec
[2024-07-01 23:14:28] INFO Block @ 145000 : 2011-09-12 08:03:59 : cb96eb2087aa1f77fe9033f0126d1bbe5e06ffd8082aa59a7f08000000000000
[2024-07-01 23:14:46] INFO Processed 448779 txs with indexing Speed: 2313.3 txs/sec
[2024-07-01 23:14:47] INFO Block @ 146000 : 2011-09-19 09:56:27 : 8d580b6e7b57b1761e3aeb11dc95093740f05674a8bdeecb8801000000000000
[2024-07-01 23:15:08] INFO Processed 496353 txs with indexing Speed: 2308.6 txs/sec
[2024-07-01 23:15:10] INFO Block @ 147000 : 2011-09-26 17:08:33 : 84e24eb2fc67d73d4e9190915c540c0d9fbde690209a3fff6a09000000000000
[2024-07-01 23:15:28] INFO Processed 541742 txs with indexing Speed: 2295.5 txs/sec
[2024-07-01 23:15:31] INFO Block @ 148000 : 2011-10-04 06:00:56 : a65f3cd9f73db5aa2abf2ad7b9c5a1a6e6bd5247a919b294be08000000000000
[2024-07-01 23:15:48] INFO Processed 586028 txs with indexing Speed: 2289.2 txs/sec
[2024-07-01 23:15:51] INFO Block @ 149000 : 2011-10-12 06:23:19 : c2869747a4e7d928b62bbfe814c00aebb0cc7f861f6398573603000000000000
[2024-07-01 23:16:08] INFO Processed 630695 txs with indexing Speed: 2285.1 txs/sec
[2024-07-01 23:16:11] INFO Block @ 150000 : 2011-10-20 13:44:51 : 4b8842d21590e3c7be46d8d1a148e9e05c500d86750ef290320a000000000000
[2024-07-01 23:16:29] INFO Processed 677022 txs with indexing Speed: 2287.2 txs/sec
[2024-07-01 23:16:31] INFO Block @ 151000 : 2011-10-29 05:17:47 : 418560038e34fecd78c8617a8a23ad12eb055c2334eaba31630a000000000000
[2024-07-01 23:16:50] INFO Processed 723040 txs with indexing Speed: 2273.7 txs/sec
[2024-07-01 23:16:50] INFO Block @ 152000 : 2011-11-05 17:34:27 : 13dca6866cc28da51ff2cb605bd1af48dc8a49ab7d263a2bca0a000000000000
[2024-07-01 23:17:09] INFO Processed 760175 txs with indexing Speed: 2262.4 txs/sec
[2024-07-01 23:17:11] INFO Block @ 153000 : 2011-11-12 20:17:41 : b87a2cc46a7285ad2404559ea034f91f133004e57ea0187ac90b000000000000
[2024-07-01 23:17:29] INFO Processed 799085 txs with indexing Speed: 2244.6 txs/sec
[2024-07-01 23:17:33] INFO Block @ 154000 : 2011-11-19 21:52:23 : 8ecdda885dfe0791b829d7df9f1d2da00a6729823ba6d146740a000000000000
[2024-07-01 23:17:47] INFO Processed 837841 txs with indexing Speed: 2240.2 txs/sec
[2024-07-01 23:17:52] INFO Block @ 155000 : 2011-11-27 18:58:30 : 86f4b8494ee22bf6dbea6df01d7b1b602bade6512d9f0cd08409000000000000
[2024-07-01 23:18:07] INFO Processed 879990 txs with indexing Speed: 2233.5 txs/sec
[2024-07-01 23:18:08] INFO Block @ 156000 : 2011-12-04 11:50:30 : 6237ba8367817bd34c68ead07d5930b9e34a74095fbdfffcad02000000000000
[2024-07-01 23:18:26] INFO Processed 921299 txs with indexing Speed: 2225.4 txs/sec
[2024-07-01 23:18:29] INFO Block @ 157000 : 2011-12-11 02:15:37 : 4cfd80287f36a591eba4d0ef6f6383de50d546cfebb6a6f3eb07000000000000
[2024-07-01 23:18:45] INFO Processed 958910 txs with indexing Speed: 2214.6 txs/sec
[2024-07-01 23:18:50] INFO Block @ 158000 : 2011-12-18 10:05:49 : 528f5627be11b745a72c4663acbc6a388341e67c3cf1560de500000000000000
[2024-07-01 23:19:01] INFO Processed 989836 txs with indexing Speed: 2204.5 txs/sec
[2024-07-01 23:19:05] INFO Block @ 159000 : 2011-12-25 08:05:17 : 00ec29691228810f8bb7461cb0ab8912b423cebfcdd01756e20d000000000000
[2024-07-01 23:19:23] INFO Processed 1030537 txs with indexing Speed: 2192.6 txs/sec
[2024-07-01 23:19:25] INFO Block @ 160000 : 2011-12-31 18:13:04 : 31f2ac6f8543390c8e323f83e92fb852cc7f9cb42f9b626e6c06000000000000
[2024-07-01 23:19:43] INFO Processed 1069457 txs with indexing Speed: 2178.1 txs/sec
[2024-07-01 23:19:47] INFO Block @ 161000 : 2012-01-07 03:54:33 : 235e11552c56059214d2857fa4a40d4e2e48ab07ba4d57b11d04000000000000
[2024-07-01 23:20:01] INFO Processed 1103999 txs with indexing Speed: 2169.0 txs/sec
[2024-07-01 23:20:05] INFO Block @ 162000 : 2012-01-13 13:27:42 : cc2ac8d1a90e784c494db17ea102fc92f7382f13cd205b3fa801000000000000
[2024-07-01 23:20:26] INFO Processed 1157231 txs with indexing Speed: 2167.1 txs/sec
[2024-07-01 23:20:29] INFO Block @ 163000 : 2012-01-20 07:29:25 : 36fc2b50cf878a99741d4c6f6bf26ebfec16375933aa25c1660d000000000000
[2024-07-01 23:20:42] INFO Processed 1190325 txs with indexing Speed: 2168.2 txs/sec
[2024-07-01 23:20:47] INFO Block @ 164000 : 2012-01-26 23:21:10 : cfa2f71dbb6e38a2cb7320db0b005d0a0aeaed08f32c168fa305000000000000
[2024-07-01 23:21:06] INFO Processed 1241898 txs with indexing Speed: 2163.6 txs/sec
[2024-07-01 23:21:09] INFO Block @ 165000 : 2012-02-02 12:14:48 : 5aac67f1ad763f24260ab9bfc859d28536778668ab03463b8608000000000000
[2024-07-01 23:21:29] INFO Processed 1289779 txs with indexing Speed: 2160.4 txs/sec
[2024-07-01 23:21:32] INFO Block @ 166000 : 2012-02-09 06:57:59 : 77248b32c18f2d8acd06cbe6d668375f464a147d32352f40b303000000000000
[2024-07-01 23:21:52] INFO Processed 1346261 txs with indexing Speed: 2174.9 txs/sec
[2024-07-01 23:21:53] INFO Block @ 167000 : 2012-02-16 05:10:56 : 0199c4dbc794673c880d721ef9707b79b7cadd885384562a080a000000000000
[2024-07-01 23:22:12] INFO Processed 1392014 txs with indexing Speed: 2175.0 txs/sec
[2024-07-01 23:22:14] INFO Block @ 168000 : 2012-02-22 21:31:17 : 63b703835cb735cb9a89d733cbe66f212f63795e0172ea619e09000000000000
[2024-07-01 23:22:33] INFO Processed 1434925 txs with indexing Speed: 2170.8 txs/sec
[2024-07-01 23:22:35] INFO Block @ 169000 : 2012-02-29 04:52:29 : 1016849d2f82aac09d22fe0aa6084e23b1710d78b7342a9f9e09000000000000
[2024-07-01 23:22:55] INFO Processed 1481441 txs with indexing Speed: 2172.2 txs/sec
[2024-07-01 23:22:58] INFO Block @ 170000 : 2012-03-07 08:16:53 : cb0524634073c0245e0ca0e852cee4c4d9725e459d3ef4681f05000000000000
[2024-07-01 23:23:14] INFO Processed 1520850 txs with indexing Speed: 2166.5 txs/sec
[2024-07-01 23:23:16] INFO Block @ 171000 : 2012-03-13 16:19:15 : fdc81b618a41b2f52c8e314d90bed5618c62a9a214c285750e07000000000000
[2024-07-01 23:23:35] INFO Processed 1566630 txs with indexing Speed: 2169.8 txs/sec
[2024-07-01 23:23:37] INFO Block @ 172000 : 2012-03-20 08:59:35 : 4c2d05d4c62299627cba4d2356e043d9d1a135be4e3a2ce83708000000000000
[2024-07-01 23:23:57] INFO Processed 1615748 txs with indexing Speed: 2168.8 txs/sec
[2024-07-01 23:23:58] INFO Block @ 173000 : 2012-03-26 18:12:31 : f00e52a2ff2363dd726d477ad04677fd9d27c009ce38def37f07000000000000
[2024-07-01 23:24:13] INFO Processed 1652306 txs with indexing Speed: 2171.2 txs/sec
[2024-07-01 23:24:14] INFO Block @ 174000 : 2012-04-02 11:14:17 : dd767df0be5bbe271cfd88d6c3500f37e4ee24b6de01e7d30405000000000000
[2024-07-01 23:24:35] INFO Processed 1701943 txs with indexing Speed: 2173.6 txs/sec
[2024-07-01 23:24:38] INFO Block @ 175000 : 2012-04-09 22:44:41 : 7c90fa038450cddf24fd05b2dd24903de05d23a5e997c075b906000000000000
[2024-07-01 23:24:59] INFO Processed 1761826 txs with indexing Speed: 2183.2 txs/sec
[2024-07-01 23:25:03] INFO Block @ 176000 : 2012-04-17 10:15:53 : 6b68e427648deff68d821c9a07943997622b13b202865b9b6504000000000000
[2024-07-01 23:25:22] INFO Processed 1811885 txs with indexing Speed: 2185.6 txs/sec
[2024-07-01 23:25:23] INFO Block @ 177000 : 2012-04-24 06:58:33 : 3e3aafa2bdddb69263dfdac7bf0c12676352ec6df87467be5903000000000000
[2024-07-01 23:25:43] INFO Processed 1862446 txs with indexing Speed: 2191.1 txs/sec
[2024-07-01 23:25:47] INFO Block @ 178000 : 2012-04-30 21:56:57 : 97f2414d534d926dc1490453f4b907b730e757af7a7a69e2ea09000000000000
[2024-07-01 23:26:11] INFO Processed 1942232 txs with indexing Speed: 2209.6 txs/sec
[2024-07-01 23:26:14] INFO Block @ 179000 : 2012-05-07 02:15:48 : 10e4a83e0d7f634841450099fa15eae477391dbfd4998bdcdd08000000000000
[2024-07-01 23:26:43] INFO Processed 2056777 txs with indexing Speed: 2260.2 txs/sec
[2024-07-01 23:26:43] INFO Block @ 180000 : 2012-05-13 18:21:11 : 3c59788cfadece7b6cfdffe520a36a4aef39b26004c1b683ff04000000000000
[2024-07-01 23:27:21] INFO Processed 2241141 txs with indexing Speed: 2364.1 txs/sec
[2024-07-01 23:27:25] INFO Block @ 181000 : 2012-05-21 05:07:37 : abbb5ee6669fe067d8c73a6864e9910325ba02ee87def2589508000000000000
[2024-07-01 23:28:02] INFO Processed 2453946 txs with indexing Speed: 2481.2 txs/sec
[2024-07-01 23:28:08] INFO Block @ 182000 : 2012-05-28 19:38:29 : 8f9a4f7fc782fcd5253a441eb61103b6c5e447143c9012ce8d06000000000000
[2024-07-01 23:28:38] INFO Processed 2635629 txs with indexing Speed: 2568.8 txs/sec
[2024-07-01 23:28:47] INFO Block @ 183000 : 2012-06-04 16:13:37 : 4428ab966c5f414a91129c07e46923a24ac07b7b30bd158bbe07000000000000
[2024-07-01 23:29:17] INFO Processed 2844639 txs with indexing Speed: 2673.5 txs/sec
[2024-07-01 23:29:22] INFO Block @ 184000 : 2012-06-11 04:02:23 : 5973366388e224252c74e90a80b3d68fb1cc68b9c635a2050406000000000000
[2024-07-01 23:30:04] INFO Processed 3133227 txs with indexing Speed: 2817.7 txs/sec
[2024-07-01 23:30:10] INFO Block @ 185000 : 2012-06-17 16:41:57 : 13dc401c51176cf6ca507a4fd32b3f1fc7833cb20ef849a0e408000000000000
[2024-07-01 23:30:47] INFO Processed 3340678 txs with indexing Speed: 2892.4 txs/sec
[2024-07-01 23:30:53] INFO Block @ 186000 : 2012-06-24 07:43:04 : 1cdd60e1e04b88349f95f137e6a0bac23cafd11ffd2996de2e07000000000000
[2024-07-01 23:31:23] INFO Processed 3520856 txs with indexing Speed: 2956.2 txs/sec
[2024-07-01 23:31:31] INFO Block @ 187000 : 2012-07-01 06:20:06 : 2e54d5f759f3abf24464ce05b5e02714f6b575f15c0858c05c09000000000000
[2024-07-01 23:31:56] INFO Processed 3665996 txs with indexing Speed: 2997.5 txs/sec
[2024-07-01 23:31:57] INFO Block @ 188000 : 2012-07-07 19:03:51 : b10aedcd8ae62e0710325629e1dac3a48ce8fded6d2dc7f04c00000000000000
[2024-07-01 23:32:28] INFO Processed 3825770 txs with indexing Speed: 3046.0 txs/sec
[2024-07-01 23:32:36] INFO Block @ 189000 : 2012-07-14 08:09:32 : 97d75568333953a1975b1487f457c1d13fd18767bcbaea70cb00000000000000
[2024-07-01 23:33:15] INFO Processed 4060523 txs with indexing Speed: 3118.7 txs/sec
[2024-07-01 23:33:23] INFO Block @ 190000 : 2012-07-20 22:53:36 : 1aadef6999a0c2a6c09efc9c5f918d766a3b96fc1f263bbf0807000000000000
[2024-07-01 23:33:51] INFO Processed 4247818 txs with indexing Speed: 3174.8 txs/sec
[2024-07-01 23:33:54] INFO Block @ 191000 : 2012-07-27 10:07:43 : 7cc22824c95e293268727f1278c5da63e8d2053d502b844ed608000000000000
[2024-07-01 23:34:32] INFO Processed 4472034 txs with indexing Speed: 3240.6 txs/sec
[2024-07-01 23:34:36] INFO Block @ 192000 : 2012-08-02 18:47:43 : ef22fc8763f0aa93a2489bc68566548c2049ba9152560d13af00000000000000
[2024-07-01 23:35:13] INFO Processed 4690372 txs with indexing Speed: 3300.8 txs/sec
[2024-07-01 23:35:18] INFO Block @ 193000 : 2012-08-09 05:58:41 : 17138bca83bdc3e6f60f01177c3877a98266de40735f2a459f05000000000000
[2024-07-01 23:35:52] INFO Processed 4903940 txs with indexing Speed: 3361.2 txs/sec
[2024-07-01 23:35:56] INFO Block @ 194000 : 2012-08-15 10:02:59 : 16b2804ddff218f1bfff5b83f213a1afe91722cf4e98d4426204000000000000
[2024-07-01 23:36:38] INFO Processed 5161447 txs with indexing Speed: 3429.5 txs/sec
[2024-07-01 23:36:38] INFO Block @ 195000 : 2012-08-21 13:58:47 : 334af1a1c9558ba19d2a0aa6d6cd65fa1c3f777d9c0c9a881607000000000000
[2024-07-01 23:37:17] INFO Processed 5371245 txs with indexing Speed: 3478.8 txs/sec
[2024-07-01 23:37:21] INFO Block @ 196000 : 2012-08-27 23:13:32 : a93678af2046069f79a552076367991bfe839e284a6d3959ae06000000000000
[2024-07-01 23:37:57] INFO Processed 5593229 txs with indexing Speed: 3531.1 txs/sec
[2024-07-01 23:38:09] INFO Block @ 197000 : 2012-09-03 08:20:24 : 5bc1e192ccf0dc9fe5af4f8a743647422c7463b7a12efc942001000000000000
[2024-07-01 23:38:39] INFO Processed 5824164 txs with indexing Speed: 3581.9 txs/sec
[2024-07-01 23:38:43] INFO Block @ 198000 : 2012-09-09 13:51:42 : fbf854cb5d4c051e80f6a18f5c3911d97316ab18ff31d42a0f00000000000000
[2024-07-01 23:39:22] INFO Processed 6049787 txs with indexing Speed: 3622.6 txs/sec
[2024-07-01 23:39:29] INFO Block @ 199000 : 2012-09-16 06:32:36 : d9c9e00997d3ff1ea2fc77cd20370bc83d78313d228fffe49703000000000000
[2024-07-01 23:39:59] INFO Processed 6228643 txs with indexing Speed: 3648.9 txs/sec
[2024-07-01 23:40:01] INFO Block @ 200000 : 2012-09-22 10:45:59 : bf0e2e13fce62f3a5f15903a177ad6a258a01f164aefed7d4a03000000000000
[2024-07-01 23:40:36] INFO Processed 6412309 txs with indexing Speed: 3676.8 txs/sec
[2024-07-01 23:40:42] INFO Block @ 201000 : 2012-09-29 02:58:29 : d3534d7b2db973a7c8d96c454fa7b0c5893451812b1b68eb5003000000000000
[2024-07-01 23:41:20] INFO Processed 6621851 txs with indexing Speed: 3705.6 txs/sec
[2024-07-01 23:41:28] INFO Block @ 202000 : 2012-10-06 02:55:04 : 55afaefbe91429f301ec5203bae6519ffd75423e53d5e12f2803000000000000
[2024-07-01 23:42:04] INFO Processed 6848759 txs with indexing Speed: 3740.4 txs/sec
[2024-07-01 23:42:05] INFO Block @ 203000 : 2012-10-12 20:13:17 : fde45d3aa0b33b437cb37278ca2f294a282ec0accb69b5e37505000000000000
[2024-07-01 23:42:43] INFO Processed 7036541 txs with indexing Speed: 3762.9 txs/sec
[2024-07-01 23:42:45] INFO Block @ 204000 : 2012-10-19 13:13:53 : 722849ccabde77de56dcf1baa63bea7fb92a2740c15d62eb2304000000000000
[2024-07-01 23:43:27] INFO Processed 7261643 txs with indexing Speed: 3794.0 txs/sec
[2024-07-01 23:43:32] INFO Block @ 205000 : 2012-10-26 05:16:15 : 1c926bca747b05e425fa6e835c6c0eb916e9aef821aa64c4ce02000000000000
[2024-07-01 23:44:02] INFO Processed 7412626 txs with indexing Speed: 3801.3 txs/sec
[2024-07-01 23:44:05] INFO Block @ 206000 : 2012-11-01 15:39:38 : 4c37f15e28a103ba1586429eac21cd381485d8d60fd415b83001000000000000
[2024-07-01 23:44:45] INFO Processed 7618936 txs with indexing Speed: 3824.8 txs/sec
[2024-07-01 23:44:46] INFO Block @ 207000 : 2012-11-08 07:28:11 : 44caee1c7a573bf565b9ac9950ee5ea8643b952935304ad5bd04000000000000
[2024-07-01 23:45:21] INFO Processed 7793999 txs with indexing Speed: 3843.2 txs/sec
[2024-07-01 23:45:22] INFO Block @ 208000 : 2012-11-15 05:17:32 : ffaf5402323b9b706b6e46608f62b141c934855f5a51a1b51d00000000000000
[2024-07-01 23:46:06] INFO Processed 8043874 txs with indexing Speed: 3878.4 txs/sec
[2024-07-01 23:46:11] INFO Block @ 209000 : 2012-11-22 03:51:07 : 0ebad5ee1cd45de2c41a8024803e00f1d80cfb15d7fb6f352a00000000000000
[2024-07-01 23:46:48] INFO Processed 8252792 txs with indexing Speed: 3900.2 txs/sec
[2024-07-01 23:46:56] INFO Block @ 210000 : 2012-11-28 15:24:38 : 2e3471a19b8e22b7f939c63663076603cf692f19837e34958b04000000000000
[2024-07-01 23:47:31] INFO Processed 8470187 txs with indexing Speed: 3923.2 txs/sec
[2024-07-01 23:47:38] INFO Block @ 211000 : 2012-12-05 16:29:17 : 154d9379aeef3120a0a515cd8ed3b4e2cbca29f8a3ca71b34503000000000000
[2024-07-01 23:48:20] INFO Processed 8734283 txs with indexing Speed: 3957.5 txs/sec
[2024-07-01 23:48:22] INFO Block @ 212000 : 2012-12-13 01:33:36 : 61de1096a01351d7f567296d1440df725b65f7391c13e406d903000000000000
[2024-07-01 23:49:16] INFO Processed 9074307 txs with indexing Speed: 4008.1 txs/sec
[2024-07-01 23:49:24] INFO Block @ 213000 : 2012-12-21 06:51:38 : 2aeed4411f62d2b18320d168184757a6587e338122886c074202000000000000
[2024-07-01 23:50:02] INFO Processed 9335696 txs with indexing Speed: 4043.2 txs/sec
[2024-07-01 23:50:08] INFO Block @ 214000 : 2012-12-28 11:02:01 : 1a78a296d24544f611d990ea5cf15908afe1b0a8af9f7f42e603000000000000
[2024-07-01 23:50:55] INFO Processed 9630323 txs with indexing Speed: 4075.5 txs/sec
[2024-07-01 23:50:56] INFO Block @ 215000 : 2013-01-03 17:15:34 : 2b0199bffa79b9598a45b62b154bb9e7624065fbed76cb642f03000000000000
[2024-07-01 23:51:39] INFO Processed 9884164 txs with indexing Speed: 4106.4 txs/sec
[2024-07-01 23:51:50] INFO Block @ 216000 : 2013-01-10 13:36:12 : 5ee6b1a5bb794650af2c374947049e7251d9c60e5db12d9af701000000000000
[2024-07-01 23:52:35] INFO Processed 10236780 txs with indexing Speed: 4156.2 txs/sec
[2024-07-01 23:52:47] INFO Block @ 217000 : 2013-01-18 09:24:24 : 1525cd8e788e813e14a930cb59cb8c7f271730390c415c1e6d03000000000000
[2024-07-01 23:53:33] INFO Processed 10576237 txs with indexing Speed: 4196.9 txs/sec
[2024-07-01 23:53:38] INFO Block @ 218000 : 2013-01-25 15:00:09 : 58f42f75ff4d311232f3d5cd9da2db8a2566af9382330e076905000000000000
[2024-07-01 23:54:30] INFO Processed 10908130 txs with indexing Speed: 4232.9 txs/sec
[2024-07-01 23:54:39] INFO Block @ 219000 : 2013-01-31 23:21:07 : 7f9e931f0df51d31d1a12919e96eb73c22399e5f68cbc159b304000000000000
[2024-07-01 23:55:23] INFO Processed 11238396 txs with indexing Speed: 4271.5 txs/sec
[2024-07-01 23:55:27] INFO Block @ 220000 : 2013-02-07 05:31:46 : 0313643939550ff311170819a40c645a97c30bd51e742cdd2f00000000000000
[2024-07-01 23:56:28] INFO Processed 11645152 txs with indexing Speed: 4321.0 txs/sec
[2024-07-01 23:56:33] INFO Block @ 221000 : 2013-02-13 18:19:26 : ed655a6e5b4ae0e8e00dd4ba51143f4a8bf4e271870fba884503000000000000
[2024-07-01 23:57:17] INFO Processed 11924643 txs with indexing Speed: 4344.1 txs/sec
[2024-07-01 23:57:25] INFO Block @ 222000 : 2013-02-19 12:37:34 : 48810d70e721871732658dd340e646b00a45450cce81a452c702000000000000
[2024-07-01 23:58:16] INFO Processed 12278766 txs with indexing Speed: 4379.0 txs/sec
[2024-07-01 23:58:21] INFO Block @ 223000 : 2013-02-25 07:57:29 : 8de12146c6229ab85608543a6adb836674606a89acdb17092d01000000000000
[2024-07-01 23:59:13] INFO Processed 12621924 txs with indexing Speed: 4411.7 txs/sec
[2024-07-01 23:59:25] INFO Block @ 224000 : 2013-03-03 05:57:34 : c59abc3b13ca665ce0d76b25d4f6db8017bf1872036d27ee0701000000000000
[2024-07-02 00:00:13] INFO Processed 12991073 txs with indexing Speed: 4449.0 txs/sec
[2024-07-02 00:00:26] INFO Block @ 225000 : 2013-03-09 13:48:09 : e1a8f814d05d2d75eed12751c83c0e239f0ebf87091181873d01000000000000
[2024-07-02 00:01:23] INFO Processed 13407463 txs with indexing Speed: 4484.1 txs/sec
[2024-07-02 00:01:23] INFO Block @ 226000 : 2013-03-15 13:06:50 : 9bff02d44d2f6c84f958025c569df239d355b1c377f44c612c01000000000000
[2024-07-02 00:02:01] INFO Processed 13601893 txs with indexing Speed: 4490.6 txs/sec
[2024-07-02 00:02:06] INFO Block @ 227000 : 2013-03-20 20:14:47 : 98fdfefe92d11de27d7c9b2a52410bc42964f4fdbfc972d80303000000000000
[2024-07-02 00:02:44] INFO Processed 13819239 txs with indexing Speed: 4499.9 txs/sec
[2024-07-02 00:02:54] INFO Block @ 228000 : 2013-03-25 20:41:44 : 678a78b936179f51a9cb66b582c6fdb6edccfbfa931c31c4ef00000000000000
[2024-07-02 00:03:53] INFO Processed 14199450 txs with indexing Speed: 4520.7 txs/sec
[2024-07-02 00:03:58] INFO Block @ 229000 : 2013-03-31 22:59:36 : 508d4499f75b8d38a83d4f1a68996d6caf7c408a605ff0d74602000000000000
[2024-07-02 00:05:00] INFO Processed 14571455 txs with indexing Speed: 4542.2 txs/sec
[2024-07-02 00:05:06] INFO Block @ 230000 : 2013-04-06 18:44:21 : 67962cbe99986c6c64cdb1d90dd62a126e81072766f519fb2c01000000000000
[2024-07-02 00:06:03] INFO Processed 14934300 txs with indexing Speed: 4565.7 txs/sec
[2024-07-02 00:06:14] INFO Block @ 231000 : 2013-04-12 14:41:58 : 15283a38c71ac0bc8a93ad09511305da399e248d00b995996400000000000000
[2024-07-02 00:07:01] INFO Processed 15273132 txs with indexing Speed: 4587.9 txs/sec
[2024-07-02 00:07:09] INFO Block @ 232000 : 2013-04-18 16:15:18 : bbb31663ac5a3f23b0ff84e40a882476b76d943a1c6e63478f01000000000000
[2024-07-02 00:07:55] INFO Processed 15581479 txs with indexing Speed: 4607.2 txs/sec
[2024-07-02 00:08:05] INFO Block @ 233000 : 2013-04-25 02:37:53 : 7505ae83b36715aa697118277c412ac352568d90fd1c14df1001000000000000
[2024-07-02 00:08:58] INFO Processed 15922631 txs with indexing Speed: 4622.0 txs/sec
[2024-07-02 00:09:02] INFO Block @ 234000 : 2013-05-01 03:47:23 : 1a45c1b6a9f12710bd733a7355bd0fb1d3d4be97ea63927f5900000000000000
[2024-07-02 00:09:59] INFO Processed 16276475 txs with indexing Speed: 4641.1 txs/sec
[2024-07-02 00:10:09] INFO Block @ 235000 : 2013-05-07 15:30:54 : b052ecef41e1b6d4b214a81e6840d31c679c89c1bdb44a325100000000000000
[2024-07-02 00:10:59] INFO Processed 16633548 txs with indexing Speed: 4663.2 txs/sec
[2024-07-02 00:11:05] INFO Block @ 236000 : 2013-05-13 12:50:26 : b52d61165be3f59741bb0ba1464a9bccce82e0dd895ee5f5f200000000000000
[2024-07-02 00:12:01] INFO Processed 17003013 txs with indexing Speed: 4686.6 txs/sec
[2024-07-02 00:12:15] INFO Block @ 237000 : 2013-05-20 01:41:30 : 3a401cbfd34662014fb2b3b69dce7a11b9606904cbec4efb0e00000000000000
[2024-07-02 00:13:04] INFO Processed 17357054 txs with indexing Speed: 4702.5 txs/sec
[2024-07-02 00:13:14] INFO Block @ 238000 : 2013-05-26 09:35:58 : 42a498731a97b1b0c648e401546684360660ab514b7d00140001000000000000
[2024-07-02 00:14:01] INFO Processed 17673942 txs with indexing Speed: 4714.3 txs/sec
[2024-07-02 00:14:06] INFO Block @ 239000 : 2013-06-01 05:31:33 : fa18a79c2c913578b5b443b34275f6b5d33634f4aec7d1579400000000000000
[2024-07-02 00:14:53] INFO Processed 17948788 txs with indexing Speed: 4723.4 txs/sec
[2024-07-02 00:15:02] INFO Block @ 240000 : 2013-06-06 03:35:32 : 28299fc0071d59d3471c06e35ac15fe0c40dc0af729cd67a0e00000000000000
[2024-07-02 00:15:43] INFO Processed 18224934 txs with indexing Speed: 4733.7 txs/sec
[2024-07-02 00:15:50] INFO Block @ 241000 : 2013-06-11 22:12:02 : d28f844a1bc4b71fcdd40ff5495259d3864781c71d4262252a00000000000000
[2024-07-02 00:16:29] INFO Processed 18463418 txs with indexing Speed: 4739.1 txs/sec
[2024-07-02 00:16:31] INFO Block @ 242000 : 2013-06-17 10:30:31 : 3c5a2a4aa0b77e1b1547030614cbfe0af1df788c7ad33352c900000000000000
[2024-07-02 00:17:20] INFO Processed 18755033 txs with indexing Speed: 4750.5 txs/sec
[2024-07-02 00:17:27] INFO Block @ 243000 : 2013-06-23 20:31:20 : 64e2263a60f3b798ae4ff042d02c865486b840ec142994014700000000000000
[2024-07-02 00:18:15] INFO Processed 19047263 txs with indexing Speed: 4759.4 txs/sec
[2024-07-02 00:18:20] INFO Block @ 244000 : 2013-06-29 23:22:37 : 6651ee77ece999cc721892a30dbde122ca875b7d012615ed6d00000000000000
[2024-07-02 00:18:53] INFO Processed 19243632 txs with indexing Speed: 4763.3 txs/sec
[2024-07-02 00:18:56] INFO Block @ 245000 : 2013-07-05 23:42:41 : 6f63a6931bb11064e51c192fd06546b9fc04b7cc0a56cbba2300000000000000
[2024-07-02 00:19:38] INFO Processed 19458443 txs with indexing Speed: 4762.2 txs/sec
[2024-07-02 00:19:45] INFO Block @ 246000 : 2013-07-11 07:36:10 : af00b0f01f15e9d8b7f5115b21dafa40d128acebd23a8a314c00000000000000
[2024-07-02 00:20:26] INFO Processed 19704521 txs with indexing Speed: 4766.5 txs/sec
[2024-07-02 00:20:28] INFO Block @ 247000 : 2013-07-17 09:43:45 : b2e0b6a949e0f50b2f166d3833f556e015b6bf7f7414d7643d00000000000000
[2024-07-02 00:21:06] INFO Processed 19902148 txs with indexing Speed: 4769.3 txs/sec
[2024-07-02 00:21:13] INFO Block @ 248000 : 2013-07-22 23:55:26 : 44f3d7e6beb307f9cabfac2c77a62a8aa5a3754bc11750944d00000000000000
[2024-07-02 00:21:52] INFO Processed 20149167 txs with indexing Speed: 4774.7 txs/sec
[2024-07-02 00:21:59] INFO Block @ 249000 : 2013-07-29 05:59:59 : 9b6c4eb95f840abf41371a2bcf299e692655bc75ae3990928500000000000000
[2024-07-02 00:22:48] INFO Processed 20438052 txs with indexing Speed: 4780.8 txs/sec
[2024-07-02 00:22:48] INFO Block @ 250000 : 2013-08-03 12:36:23 : 14d2f24d29bed75354f3f88a5fb50022fc064b02291fdf873800000000000000
[2024-07-02 00:23:31] INFO Processed 20679263 txs with indexing Speed: 4788.0 txs/sec
[2024-07-02 00:23:36] INFO Block @ 251000 : 2013-08-08 23:08:35 : 523fa3e1ea4ec0c5e74c66eb4407da808b6876a74329507d1800000000000000
[2024-07-02 00:24:18] INFO Processed 20911001 txs with indexing Speed: 4790.6 txs/sec
[2024-07-02 00:24:22] INFO Block @ 252000 : 2013-08-13 18:11:30 : 47cca73b31bf9ab2530495a1bb6264e14ced6d290b94990e2000000000000000
[2024-07-02 00:25:10] INFO Processed 21212165 txs with indexing Speed: 4801.3 txs/sec
[2024-07-02 00:25:24] INFO Block @ 253000 : 2013-08-19 11:16:17 : 388c8b212aff2a6beca42c5fbbabf5081b1a1b6d88f3fbfd3600000000000000
[2024-07-02 00:26:09] INFO Processed 21559049 txs with indexing Speed: 4815.5 txs/sec
[2024-07-02 00:26:13] INFO Block @ 254000 : 2013-08-24 12:07:58 : ff537e6985230bcaf21ddbe62b5d8acbc6742c9a5591be534700000000000000
[2024-07-02 00:27:06] INFO Processed 21891188 txs with indexing Speed: 4829.3 txs/sec
[2024-07-02 00:27:14] INFO Block @ 255000 : 2013-08-30 06:41:13 : b7af839a5bfd360d73cdfb8353ba9446a0aa397797e6e84f2c00000000000000
[2024-07-02 00:27:56] INFO Processed 22150990 txs with indexing Speed: 4833.3 txs/sec
[2024-07-02 00:28:05] INFO Block @ 256000 : 2013-09-04 01:39:45 : c2f34967baa8f6f5dce4e8cbda905b826bd9c4e50c7c212b2500000000000000
[2024-07-02 00:28:49] INFO Processed 22468371 txs with indexing Speed: 4845.5 txs/sec
[2024-07-02 00:28:50] INFO Block @ 257000 : 2013-09-09 21:06:39 : b0655fe8d85a8f2f2f1f7ba654c1a887f71796502158e3e60900000000000000
[2024-07-02 00:29:34] INFO Processed 22700911 txs with indexing Speed: 4848.5 txs/sec
[2024-07-02 00:29:39] INFO Block @ 258000 : 2013-09-14 18:26:55 : 31b6f1112464b58dfe6e740043d21d471f766534982a689f1500000000000000
[2024-07-02 00:30:31] INFO Processed 23029062 txs with indexing Speed: 4859.5 txs/sec
[2024-07-02 00:30:38] INFO Block @ 259000 : 2013-09-20 09:49:03 : 82663bfbd43e79213c8c48f3731348c7e1230076a1a584961600000000000000
[2024-07-02 00:31:20] INFO Processed 23311182 txs with indexing Speed: 4868.7 txs/sec
[2024-07-02 00:31:27] INFO Block @ 260000 : 2013-09-25 07:29:32 : 80109562d93b8c598b8a798d90046f922d0ebaaaebbc1fb91f00000000000000
[2024-07-02 00:32:17] INFO Processed 23615612 txs with indexing Speed: 4875.2 txs/sec
[2024-07-02 00:32:20] INFO Block @ 261000 : 2013-10-01 01:00:40 : eb0b0843bf5daed6cad1a3ea75e9d515aae7732bd32c2a750400000000000000
[2024-07-02 00:33:02] INFO Processed 23859296 txs with indexing Speed: 4879.2 txs/sec
[2024-07-02 00:33:07] INFO Block @ 262000 : 2013-10-06 03:00:58 : 2aaeafe12e02a6bfb7e2b9e3f21f9b77c323c526e067ac021000000000000000
[2024-07-02 00:34:02] INFO Processed 24184402 txs with indexing Speed: 4885.7 txs/sec
[2024-07-02 00:34:04] INFO Block @ 263000 : 2013-10-11 21:23:33 : 6511dde8bba1a6fec706aa5b7099bbd8482d5f5684b269a50a00000000000000
[2024-07-02 00:34:51] INFO Processed 24428047 txs with indexing Speed: 4886.6 txs/sec
[2024-07-02 00:34:51] INFO Block @ 264000 : 2013-10-16 03:42:00 : d45edd6cee0099f7df22e3d7880bca39395032c58514c3050d00000000000000
[2024-07-02 00:35:34] INFO Processed 24654024 txs with indexing Speed: 4889.7 txs/sec
[2024-07-02 00:35:36] INFO Block @ 265000 : 2013-10-21 04:45:35 : 0b4794571385b5484c72e0c056530f91c4d32ea52e174ba30000000000000000
[2024-07-02 00:36:28] INFO Processed 24921082 txs with indexing Speed: 4891.3 txs/sec
[2024-07-02 00:36:33] INFO Block @ 266000 : 2013-10-25 16:23:27 : 352e868a1cb13bde7455a832a67b16e9fdc1c7585dc655d70900000000000000
[2024-07-02 00:37:16] INFO Processed 25176222 txs with indexing Speed: 4894.3 txs/sec
[2024-07-02 00:37:26] INFO Block @ 267000 : 2013-10-31 02:29:18 : 8d145050ded6ac6d24782826abadf3cc24c6b17b7bf215e00800000000000000
[2024-07-02 00:38:06] INFO Processed 25412319 txs with indexing Speed: 4893.6 txs/sec
[2024-07-02 00:38:13] INFO Block @ 268000 : 2013-11-05 01:52:48 : af460ac088fdaa27c0485ccd503646f8f7389966a04b97480000000000000000
[2024-07-02 00:39:06] INFO Processed 25750018 txs with indexing Speed: 4901.0 txs/sec
[2024-07-02 00:39:10] INFO Block @ 269000 : 2013-11-11 09:52:02 : acac6b1f29ecc25d9c6a9ae81be4d43ad574632a939092a40000000000000000
[2024-07-02 00:40:02] INFO Processed 26065669 txs with indexing Speed: 4909.7 txs/sec
[2024-07-02 00:40:09] INFO Block @ 270000 : 2013-11-16 22:09:06 : c527c89839dcd95d19c2b8f15c021cbbe4a9c69dc5ae75a70200000000000000
[2024-07-02 00:41:25] INFO Processed 26551910 txs with indexing Speed: 4923.4 txs/sec
[2024-07-02 00:41:34] INFO Block @ 271000 : 2013-11-22 23:25:58 : 11757a90ebd1a985df3b1102ef28ac0cb0a20e0eca5d31ec0200000000000000
[2024-07-02 00:42:41] INFO Processed 27027585 txs with indexing Speed: 4942.9 txs/sec
[2024-07-02 00:42:57] INFO Block @ 272000 : 2013-11-28 20:13:16 : f2651fc7c80689a6ec81b9235f61145ed35787b2ffe2890a0500000000000000
[2024-07-02 00:43:48] INFO Processed 27435238 txs with indexing Speed: 4955.8 txs/sec
[2024-07-02 00:43:54] INFO Block @ 273000 : 2013-12-04 09:01:23 : a1cdc0e93f205fe811ac96abf46581cbdc04569986fe9ee60400000000000000
[2024-07-02 00:44:51] INFO Processed 27793242 txs with indexing Speed: 4964.9 txs/sec
[2024-07-02 00:45:09] INFO Block @ 274000 : 2013-12-09 17:08:15 : f843cf441ebd0fba08d990dbb3402ff006b9f9e925342dfe0300000000000000
[2024-07-02 00:45:59] INFO Processed 28163464 txs with indexing Speed: 4970.6 txs/sec
[2024-07-02 00:46:09] INFO Block @ 275000 : 2013-12-15 07:11:49 : bcf56880c2ad910d84ae972380e8547e303e3f0d0ad850470400000000000000
[2024-07-02 00:46:50] INFO Processed 28441997 txs with indexing Speed: 4975.0 txs/sec
[2024-07-02 00:47:04] INFO Block @ 276000 : 2013-12-20 05:34:40 : 593f573804a82451a33315ddb1a548128cba098a1f80edb80400000000000000
[2024-07-02 00:48:02] INFO Processed 28836618 txs with indexing Speed: 4980.4 txs/sec
[2024-07-02 00:48:09] INFO Block @ 277000 : 2013-12-26 04:47:46 : 31d952be551fb6e7807d7f9fd92462e53966cd571069a1b80100000000000000
[2024-07-02 00:49:00] INFO Processed 29129697 txs with indexing Speed: 4981.1 txs/sec
[2024-07-02 00:49:04] INFO Block @ 278000 : 2014-01-01 00:36:31 : 7feb827da32a3d89636c12cadf4773a16310d0b4e4d1adbc0100000000000000
[2024-07-02 00:49:59] INFO Processed 29451565 txs with indexing Speed: 4986.7 txs/sec
[2024-07-02 00:50:08] INFO Block @ 279000 : 2014-01-06 22:31:11 : 407ebde958e44190fa9e810ea1fc3a7ef601c3b0a0728cae0100000000000000
[2024-07-02 00:51:01] INFO Processed 29783026 txs with indexing Speed: 4990.5 txs/sec
[2024-07-02 00:51:02] INFO Block @ 280000 : 2014-01-12 01:35:23 : 030cdb55552e53b2db8d80e4abca2e28c04d449fa6ad91c00100000000000000
[2024-07-02 00:51:53] INFO Processed 30068317 txs with indexing Speed: 4993.9 txs/sec
[2024-07-02 00:51:57] INFO Block @ 281000 : 2014-01-17 16:18:40 : a7c2b26dfd88f6f46f310f0ca8decfb13794f06f5f2db3c10100000000000000
[2024-07-02 00:52:49] INFO Processed 30372979 txs with indexing Speed: 4998.0 txs/sec
[2024-07-02 00:53:05] INFO Block @ 282000 : 2014-01-23 07:05:20 : 63a05ccf0b919cdd139fa7fe9c3066074267976a5ed27a330200000000000000
[2024-07-02 00:54:01] INFO Processed 30781826 txs with indexing Speed: 5006.8 txs/sec
[2024-07-02 00:54:11] INFO Block @ 283000 : 2014-01-29 06:13:53 : f5848768ad31fc2350836a9b27580070219107f73c75d1ac0100000000000000
[2024-07-02 00:55:06] INFO Processed 31129380 txs with indexing Speed: 5009.6 txs/sec
[2024-07-02 00:55:10] INFO Block @ 284000 : 2014-02-03 19:49:42 : 7fe3da1a9cc922703473bf36eae2341743e521f18265c8ea0000000000000000
[2024-07-02 00:56:09] INFO Processed 31476334 txs with indexing Speed: 5014.6 txs/sec
[2024-07-02 00:56:21] INFO Block @ 285000 : 2014-02-09 20:03:12 : 611a67cf2cca4666a96ed2676fb531f1181816aa24f125d00000000000000000
[2024-07-02 00:57:25] INFO Processed 31885548 txs with indexing Speed: 5019.8 txs/sec
[2024-07-02 00:57:33] INFO Block @ 286000 : 2014-02-15 14:40:58 : a31ed327bcf50909b535f36eaaf3f223e4bd474344ae88430000000000000000
[2024-07-02 00:58:41] INFO Processed 32300277 txs with indexing Speed: 5024.2 txs/sec
[2024-07-02 00:58:47] INFO Block @ 287000 : 2014-02-21 05:18:42 : c894853c560464e6d44a5c77234f84a3c3ec928f93cc22cc0000000000000000
[2024-07-02 00:59:49] INFO Processed 32660330 txs with indexing Speed: 5027.0 txs/sec
[2024-07-02 00:59:49] INFO Block @ 288000 : 2014-02-26 23:51:53 : 850761559a1208c099098ca1b8881430c13a9c77085f393c0000000000000000
[2024-07-02 01:01:00] INFO Processed 33028768 txs with indexing Speed: 5029.5 txs/sec
[2024-07-02 01:01:21] INFO Block @ 289000 : 2014-03-05 07:02:25 : cdbeacdb604a2cd0eb6665fcddc750d328a9c012aab1751a0100000000000000
[2024-07-02 01:02:31] INFO Processed 33518108 txs with indexing Speed: 5034.3 txs/sec
[2024-07-02 01:02:45] INFO Block @ 290000 : 2014-03-11 08:27:57 : 3b0b7de2264c87ebe71f08ddf8eb238617b05dd0ad2b0bfa0000000000000000
[2024-07-02 01:03:46] INFO Processed 33935367 txs with indexing Speed: 5040.2 txs/sec
[2024-07-02 01:03:50] INFO Block @ 291000 : 2014-03-17 09:51:18 : bb9502e49ef6bfea5a5ffc654c591e5cd828bbaeffdc22020100000000000000
[2024-07-02 01:04:56] INFO Processed 34321244 txs with indexing Speed: 5044.3 txs/sec
[2024-07-02 01:05:04] INFO Block @ 292000 : 2014-03-23 07:21:11 : 8411aabb82fcf4530ecb5d2396034a13686acb1a237106620000000000000000
[2024-07-02 01:06:09] INFO Processed 34705878 txs with indexing Speed: 5046.7 txs/sec
[2024-07-02 01:06:26] INFO Block @ 293000 : 2014-03-29 01:29:19 : 2843a4f8974f27e3866c932d4f329d08d831e536eabd04c50000000000000000
[2024-07-02 01:07:22] INFO Processed 35076101 txs with indexing Speed: 5046.9 txs/sec
[2024-07-02 01:07:26] INFO Block @ 294000 : 2014-04-03 17:19:15 : 38412a301738a7b875bf245bc704798822e40cf0b34025cb0000000000000000
[2024-07-02 01:08:33] INFO Processed 35443639 txs with indexing Speed: 5048.2 txs/sec
[2024-07-02 01:08:43] INFO Block @ 295000 : 2014-04-09 21:47:44 : 83a93246c67003105af33ae0b29dd66f689d0f0ff54e9b4d0000000000000000
[2024-07-02 01:09:43] INFO Processed 35801005 txs with indexing Speed: 5049.5 txs/sec
[2024-07-02 01:09:53] INFO Block @ 296000 : 2014-04-15 14:15:39 : d0e372ecd023f85ba85e8a8cec165c04cf9ee578221070950000000000000000
[2024-07-02 01:11:07] INFO Processed 36233975 txs with indexing Speed: 5050.0 txs/sec
[2024-07-02 01:11:11] INFO Block @ 297000 : 2014-04-21 15:39:30 : 7bb67043ba23d70298245ea5149cc0452f50707ac2487d5b0000000000000000
[2024-07-02 01:12:13] INFO Processed 36582846 txs with indexing Speed: 5052.2 txs/sec
[2024-07-02 01:12:28] INFO Block @ 298000 : 2014-04-27 17:02:15 : f271588b01b5ba27ecf502f5ca9aedadf4e37872ebf2d2470000000000000000
[2024-07-02 01:13:23] INFO Processed 36948173 txs with indexing Speed: 5054.5 txs/sec
[2024-07-02 01:13:30] INFO Block @ 299000 : 2014-05-04 01:53:53 : b9048d69d530fe8be64df1480b20565c01a3cc6936380d720000000000000000
[2024-07-02 01:14:40] INFO Processed 37372031 txs with indexing Speed: 5058.5 txs/sec
[2024-07-02 01:14:55] INFO Block @ 300000 : 2014-05-10 06:32:34 : 5472ac8b1187bfcf91d6d218bbda1eb2405d7c55f1f8cc820000000000000000
[2024-07-02 01:15:56] INFO Processed 37780927 txs with indexing Speed: 5061.8 txs/sec
[2024-07-02 01:16:02] INFO Block @ 301000 : 2014-05-16 07:43:12 : 10cfa894e47378778e16432b734807f0d0f4944d6339e3410000000000000000
[2024-07-02 01:17:17] INFO Processed 38181473 txs with indexing Speed: 5060.5 txs/sec
[2024-07-02 01:17:22] INFO Block @ 302000 : 2014-05-22 02:21:59 : 8d44d7ea4ce3374dbb298c371250ed66356018bbc96822070000000000000000
[2024-07-02 01:18:26] INFO Processed 38549262 txs with indexing Speed: 5062.9 txs/sec
[2024-07-02 01:18:38] INFO Block @ 303000 : 2014-05-28 09:34:23 : 4e2903f90460f56aecf5af8c41950a8a8ea0639beb629c590000000000000000
[2024-07-02 01:19:44] INFO Processed 38940178 txs with indexing Speed: 5063.1 txs/sec
[2024-07-02 01:19:56] INFO Block @ 304000 : 2014-06-03 11:00:44 : 28a6ca1ba8a07f5a19101417b487e8c038533feccea158350000000000000000
[2024-07-02 01:20:47] INFO Processed 39261380 txs with indexing Speed: 5062.7 txs/sec
[2024-07-02 01:21:04] INFO Block @ 305000 : 2014-06-09 21:58:26 : 6061bc6a5baf923aa627674a53bf00d507a9e16105b92b140000000000000000
[2024-07-02 01:22:10] INFO Processed 39676758 txs with indexing Speed: 5062.1 txs/sec
[2024-07-02 01:22:22] INFO Block @ 306000 : 2014-06-15 20:27:58 : c0acccecba4dddce6fe5c77a296c43aac27ef68b5a26b32b0000000000000000
[2024-07-02 01:23:23] INFO Processed 40040034 txs with indexing Speed: 5061.3 txs/sec
[2024-07-02 01:23:29] INFO Block @ 307000 : 2014-06-21 12:08:30 : 51464d6db68674fa910ffe9b51ee31782ede3584a393291b0000000000000000
[2024-07-02 01:24:28] INFO Processed 40352625 txs with indexing Speed: 5059.9 txs/sec
[2024-07-02 01:24:37] INFO Block @ 308000 : 2014-06-26 23:29:29 : f4c00bca78409ac5de32d4cc2d9ed03819d8dd4b11aa551d0000000000000000
[2024-07-02 01:25:46] INFO Processed 40755715 txs with indexing Speed: 5060.3 txs/sec
[2024-07-02 01:25:53] INFO Block @ 309000 : 2014-07-03 09:49:01 : b005685a3dde5b5894873a302dec5e22334e1f980afe8f220000000000000000
[2024-07-02 01:27:09] INFO Processed 41182261 txs with indexing Speed: 5061.7 txs/sec
[2024-07-02 01:27:09] INFO Block @ 310000 : 2014-07-09 23:04:51 : e021b01f9f7d9e6c9f03a899f51857b7dd09929ecc285a120000000000000000
[2024-07-02 01:28:21] INFO Processed 41559818 txs with indexing Speed: 5062.7 txs/sec
[2024-07-02 01:28:31] INFO Block @ 311000 : 2014-07-16 11:09:38 : 70a9502acb34ac31e33f9b108a8fac8f43f9baac65a1be2e0000000000000000
[2024-07-02 01:29:37] INFO Processed 41949466 txs with indexing Speed: 5063.9 txs/sec
[2024-07-02 01:29:43] INFO Block @ 312000 : 2014-07-22 18:10:04 : 499a215b7659a3cfe2ece74009b46198fe314e9627fad12b0000000000000000
[2024-07-02 01:30:50] INFO Processed 42336636 txs with indexing Speed: 5065.4 txs/sec
[2024-07-02 01:31:04] INFO Block @ 313000 : 2014-07-29 11:05:31 : a8fca1331ffe6eb46441c0e5e3822a401bf5c69631d5f6180000000000000000
[2024-07-02 01:32:18] INFO Processed 42802571 txs with indexing Speed: 5068.4 txs/sec
[2024-07-02 01:32:27] INFO Block @ 314000 : 2014-08-04 22:32:26 : a35773fe071969c3a0080d2fee50ccaac4f39709b26cae080000000000000000
[2024-07-02 01:33:35] INFO Processed 43206259 txs with indexing Speed: 5069.4 txs/sec
[2024-07-02 01:33:51] INFO Block @ 315000 : 2014-08-11 03:06:05 : bec195ed396e46ba03ca8d8a1cec7fb3681d6789f0f72f060000000000000000
[2024-07-02 01:34:59] INFO Processed 43639447 txs with indexing Speed: 5070.2 txs/sec
[2024-07-02 01:35:05] INFO Block @ 316000 : 2014-08-17 01:41:59 : d7f725a795b09a0dee95de09e53a21d1479e06b19aa8770d0000000000000000
[2024-07-02 01:36:14] INFO Processed 44035714 txs with indexing Speed: 5072.7 txs/sec
[2024-07-02 01:36:19] INFO Block @ 317000 : 2014-08-22 19:49:14 : 92e23890f6739992677fece850631141345ebd2eae38e3220000000000000000
[2024-07-02 01:37:38] INFO Processed 44486964 txs with indexing Speed: 5075.5 txs/sec
[2024-07-02 01:37:38] INFO Block @ 318000 : 2014-08-29 01:28:13 : b6359f414d1eebe13f0ca790bb122e314a085fdc47a683250000000000000000
[2024-07-02 01:38:44] INFO Processed 44849127 txs with indexing Speed: 5078.0 txs/sec
[2024-07-02 01:38:52] INFO Block @ 319000 : 2014-09-04 02:28:34 : 4f16dda76ad503c9c0ce76f8b8bb568ec7a57091048b191a0000000000000000
[2024-07-02 01:40:10] INFO Processed 45308194 txs with indexing Speed: 5080.5 txs/sec
[2024-07-02 01:40:23] INFO Block @ 320000 : 2014-09-10 13:55:18 : eab78ff298b55cea1735c31575f060de6a328ab205b0aa150000000000000000
[2024-07-02 01:41:32] INFO Processed 45750443 txs with indexing Speed: 5083.4 txs/sec
[2024-07-02 01:41:44] INFO Block @ 321000 : 2014-09-16 16:57:25 : 80224a1de93197803563a844e14a070b3927b4bf2093a9000000000000000000
[2024-07-02 01:42:45] INFO Processed 46148144 txs with indexing Speed: 5086.3 txs/sec
[2024-07-02 01:42:57] INFO Block @ 322000 : 2014-09-22 10:56:35 : 4e26627d319d685000914a1e8136431cca932f3809a87d170000000000000000
[2024-07-02 01:44:20] INFO Processed 46650610 txs with indexing Speed: 5088.4 txs/sec
[2024-07-02 01:44:20] INFO Block @ 323000 : 2014-09-29 02:39:52 : 8f1e6445b4b222f60f44eb981621f25084eefb727e296b0d0000000000000000
[2024-07-02 01:45:41] INFO Processed 47102279 txs with indexing Speed: 5092.7 txs/sec
[2024-07-02 01:45:53] INFO Block @ 324000 : 2014-10-05 19:13:16 : 0bda2c442d5d8c27a64414c04ff0a5b263d77500c480980b0000000000000000
[2024-07-02 01:47:13] INFO Processed 47630718 txs with indexing Speed: 5099.1 txs/sec
[2024-07-02 01:47:22] INFO Block @ 325000 : 2014-10-12 13:12:50 : 5d42717a33dd7046b6ca5fa33f14a7318b8221ce5b6909040000000000000000
[2024-07-02 01:48:49] INFO Processed 48157313 txs with indexing Speed: 5103.0 txs/sec
[2024-07-02 01:49:00] INFO Block @ 326000 : 2014-10-19 07:16:41 : 5a12ab3a74d384cef792b55440963b3553cd726021e7951e0000000000000000
[2024-07-02 01:50:19] INFO Processed 48665490 txs with indexing Speed: 5108.2 txs/sec
[2024-07-02 01:50:30] INFO Block @ 327000 : 2014-10-25 23:38:13 : 1f17719150eaadf722e10cbf2e362392557863e1e91919050000000000000000
[2024-07-02 01:52:04] INFO Processed 49266442 txs with indexing Speed: 5114.9 txs/sec
[2024-07-02 01:52:07] INFO Block @ 328000 : 2014-11-01 10:14:42 : b2cb1237b4e4ec796f6f19a34665b3967b5e103d309acb090000000000000000
[2024-07-02 01:53:27] INFO Processed 49752241 txs with indexing Speed: 5121.2 txs/sec
[2024-07-02 01:53:36] INFO Block @ 329000 : 2014-11-07 20:12:54 : 4684762071afb0ba5a15dcfc6ebb0dbf5fbb82f90566f5020000000000000000
[2024-07-02 01:55:10] INFO Processed 50334099 txs with indexing Speed: 5126.7 txs/sec
[2024-07-02 01:55:21] INFO Block @ 330000 : 2014-11-14 16:40:09 : 025f9c1574afdc71c8e623d0be4d758c17c0179fb1baaa0f0000000000000000
[2024-07-02 01:56:49] INFO Processed 50901523 txs with indexing Speed: 5132.8 txs/sec
[2024-07-02 01:57:04] INFO Block @ 331000 : 2014-11-21 17:30:29 : f55e439894f1a9d35dc3da0d0c4b14e0a318368651e8d4110000000000000000
[2024-07-02 01:58:30] INFO Processed 51487530 txs with indexing Speed: 5139.5 txs/sec
[2024-07-02 01:58:36] INFO Block @ 332000 : 2014-11-28 14:51:15 : f2b7e9cd59fc94dfde847ebfdffdd4f7915fc3c05b2599170000000000000000
[2024-07-02 02:00:20] INFO Processed 52129062 txs with indexing Speed: 5147.0 txs/sec
[2024-07-02 02:00:35] INFO Block @ 333000 : 2014-12-05 15:05:30 : 59c786bb379b65487f373279354f8ccc91ffcea2200c36080000000000000000
[2024-07-02 02:02:02] INFO Processed 52725218 txs with indexing Speed: 5154.0 txs/sec
[2024-07-02 02:02:14] INFO Block @ 334000 : 2014-12-12 12:46:27 : 3df5433f58ea058449b87adc24137e9d7e8373767bffd1080000000000000000
[2024-07-02 02:03:56] INFO Processed 53376895 txs with indexing Speed: 5160.2 txs/sec
[2024-07-02 02:04:09] INFO Block @ 335000 : 2014-12-19 20:25:48 : e640779e8b793dd943407ff4e7ea8bec072862a2424c770f0000000000000000
[2024-07-02 02:05:34] INFO Processed 53944098 txs with indexing Speed: 5166.1 txs/sec
[2024-07-02 02:05:57] INFO Block @ 336000 : 2014-12-26 14:55:43 : df547b127062998a9be716fc6e483b16d7dc7e326f3e5e120000000000000000
[2024-07-02 02:06:50] INFO Processed 54366470 txs with indexing Speed: 5168.9 txs/sec
[2024-07-02 02:07:06] INFO Block @ 337000 : 2015-01-01 19:51:07 : a96d54f919bafa190adb1e638677abb463e25cb128899f110000000000000000
[2024-07-02 02:08:46] INFO Processed 55048621 txs with indexing Speed: 5176.7 txs/sec
[2024-07-02 02:08:50] INFO Block @ 338000 : 2015-01-08 04:46:13 : 8e7ee8c074bbfb67b81c32e528cecd637b62df874adc83190000000000000000
[2024-07-02 02:10:36] INFO Processed 55707615 txs with indexing Speed: 5185.5 txs/sec
[2024-07-02 02:10:52] INFO Block @ 339000 : 2015-01-15 02:39:47 : 932eb5e5be35e019458835ca2fc66712b4dedad926596a140000000000000000
[2024-07-02 02:12:32] INFO Processed 56409933 txs with indexing Speed: 5194.8 txs/sec
[2024-07-02 02:12:51] INFO Block @ 340000 : 2015-01-22 04:08:07 : 03504a8daf434ac44f47714d030cf0189e565d6108259b0d0000000000000000
[2024-07-02 02:14:17] INFO Processed 57045922 txs with indexing Speed: 5202.5 txs/sec
[2024-07-02 02:14:26] INFO Block @ 341000 : 2015-01-29 12:34:24 : fee6920f6fe74a5e065e90a66b7107b1bdc453a7ed05071a0000000000000000
[2024-07-02 02:15:59] INFO Processed 57657704 txs with indexing Speed: 5210.3 txs/sec
[2024-07-02 02:16:07] INFO Block @ 342000 : 2015-02-05 00:40:49 : 3e7c63cfdded143fbe946e751c891c3a568af92a892072000000000000000000
[2024-07-02 02:17:41] INFO Processed 58262886 txs with indexing Speed: 5216.9 txs/sec
[2024-07-02 02:17:52] INFO Block @ 343000 : 2015-02-11 12:21:27 : 5bc3b66faf42a81218c53bb7c3cd12b506ec38dc2198ec140000000000000000
[2024-07-02 02:19:36] INFO Processed 58896408 txs with indexing Speed: 5219.5 txs/sec
[2024-07-02 02:19:50] INFO Block @ 344000 : 2015-02-18 06:55:45 : ee3aa043995adcf5e821b20eed5e5cb9ee959f5a6fa1f0050000000000000000
[2024-07-02 02:21:45] INFO Processed 59657726 txs with indexing Speed: 5227.6 txs/sec
[2024-07-02 02:21:45] INFO Block @ 345000 : 2015-02-24 22:46:39 : cc546b8ca06eb82bc0827da6a2895cc302b0d0ca54de2b170000000000000000
[2024-07-02 02:23:07] INFO Processed 60121353 txs with indexing Speed: 5230.2 txs/sec
[2024-07-02 02:23:36] INFO Block @ 346000 : 2015-03-03 14:47:42 : d797c7e28ecba11f1935b2c605bfed7ecb215686fd338d060000000000000000
[2024-07-02 02:25:20] INFO Processed 60893769 txs with indexing Speed: 5236.8 txs/sec
[2024-07-02 02:25:20] INFO Block @ 347000 : 2015-03-10 13:03:57 : bdd8778a42b81e2fdf7578d7c785676ff18bb055656512170000000000000000
[2024-07-02 02:27:07] INFO Processed 61525836 txs with indexing Speed: 5242.9 txs/sec
[2024-07-02 02:27:38] INFO Block @ 348000 : 2015-03-17 13:59:36 : 7a828eed4af720be4980cf01f8c43752a4b38b9851a698150000000000000000
[2024-07-02 02:29:05] INFO Processed 62243633 txs with indexing Speed: 5251.3 txs/sec
[2024-07-02 02:29:13] INFO Block @ 349000 : 2015-03-24 10:59:08 : 2625157f06ad8542173ac2abb679bef7945965bf66b58a080000000000000000
[2024-07-02 02:30:45] INFO Processed 62863300 txs with indexing Speed: 5259.2 txs/sec
[2024-07-02 02:30:59] INFO Block @ 350000 : 2015-03-30 22:17:14 : bb12a140cb7ae2dd5d79382c87b3c4e038bb00044ff63c050000000000000000
[2024-07-02 02:32:42] INFO Processed 63596092 txs with indexing Speed: 5268.9 txs/sec
[2024-07-02 02:33:00] INFO Block @ 351000 : 2015-04-06 18:48:55 : c937ff4f8f71cc78520934fbd3791ea93eb100ecd8cd84050000000000000000
[2024-07-02 02:34:44] INFO Processed 64386532 txs with indexing Speed: 5281.5 txs/sec
[2024-07-02 02:35:06] INFO Block @ 352000 : 2015-04-13 21:13:35 : cacb077a8ee9930b491fd750a5bcf758c42e7df2b5a435160000000000000000
[2024-07-02 02:36:30] INFO Processed 65069378 txs with indexing Speed: 5291.5 txs/sec
[2024-07-02 02:36:40] INFO Block @ 353000 : 2015-04-21 00:05:39 : a2334cdbb642c6f3dc5cc91e3504a6192fa1cb5011ba54000000000000000000
[2024-07-02 02:38:57] INFO Processed 66019720 txs with indexing Speed: 5304.9 txs/sec
[2024-07-02 02:38:57] INFO Block @ 354000 : 2015-04-27 23:53:38 : e822bef4877951ffee9a78b3332cdf7a9d9e70e29baff80c0000000000000000
[2024-07-02 02:40:24] INFO Processed 66579633 txs with indexing Speed: 5312.8 txs/sec
[2024-07-02 02:40:35] INFO Block @ 355000 : 2015-05-05 02:29:06 : 2671c7ff8501cdaa380c220d580ac5eaaff4e926f9c1360b0000000000000000
[2024-07-02 02:42:19] INFO Processed 67308649 txs with indexing Speed: 5322.1 txs/sec
[2024-07-02 02:42:39] INFO Block @ 356000 : 2015-05-11 23:57:17 : af150277a4e6b3d6884071762a6eb6900e2b613b49e58c130000000000000000
[2024-07-02 02:44:05] INFO Processed 67969972 txs with indexing Speed: 5330.1 txs/sec
[2024-07-02 02:44:19] INFO Block @ 357000 : 2015-05-18 15:53:56 : cce4caec6028e66c95c78407583f956ee7fa6d62bfa682090000000000000000
[2024-07-02 02:45:59] INFO Processed 68680169 txs with indexing Speed: 5337.7 txs/sec
[2024-07-02 02:46:13] INFO Block @ 358000 : 2015-05-25 19:15:53 : 29842178421832aed2d5a6874fdb4e3c1c388cabefce3a070000000000000000
[2024-07-02 02:48:12] INFO Processed 69544206 txs with indexing Speed: 5350.0 txs/sec
[2024-07-02 02:48:33] INFO Block @ 359000 : 2015-06-01 21:50:58 : 68be38a74be4a7164f9b1957c9170beee8de677ebf67cd030000000000000000
[2024-07-02 02:50:05] INFO Processed 70263927 txs with indexing Speed: 5358.3 txs/sec
[2024-07-02 02:50:26] INFO Block @ 360000 : 2015-06-08 14:08:27 : a68e7cb8f2a00d446a289067f9b788f80f3981f67ce0a60c0000000000000000
[2024-07-02 02:52:07] INFO Processed 71038269 txs with indexing Speed: 5367.9 txs/sec
[2024-07-02 02:52:13] INFO Block @ 361000 : 2015-06-15 03:45:52 : 6244eb0f887fe6f0aa94817e9f91e6fe8fea5afa366deb0c0000000000000000
[2024-07-02 02:54:16] INFO Processed 71829122 txs with indexing Speed: 5375.2 txs/sec
[2024-07-02 02:54:35] INFO Block @ 362000 : 2015-06-22 07:35:53 : d530e0a3fd0b0ea1780979e0e913c7cf52d11d336cadfc0b0000000000000000
[2024-07-02 02:56:23] INFO Processed 72597143 txs with indexing Speed: 5381.2 txs/sec
[2024-07-02 02:56:50] INFO Block @ 363000 : 2015-06-29 03:51:57 : dcdd750e6a46540077ee9f6ad1486d6da8bf25ee767b39020000000000000000
[2024-07-02 02:58:31] INFO Processed 73422723 txs with indexing Speed: 5391.6 txs/sec
[2024-07-02 02:58:53] INFO Block @ 364000 : 2015-07-05 22:45:33 : 04f51d7f8b7f7f730c066bdefed588bed6bba013f2bc200e0000000000000000
[2024-07-02 03:01:52] INFO Processed 74782030 txs with indexing Speed: 5411.5 txs/sec
[2024-07-02 03:02:27] INFO Block @ 365000 : 2015-07-12 13:20:07 : da664bf8177c6639b6f49751938de7e468f14d8e6c772e0d0000000000000000
[2024-07-02 03:05:06] INFO Processed 75752856 txs with indexing Speed: 5405.5 txs/sec
[2024-07-02 03:05:26] INFO Block @ 366000 : 2015-07-19 10:17:09 : 1f567f68f9fbbeb65a44463b53ad4ceb71db0f788e108e130000000000000000
[2024-07-02 03:06:54] INFO Processed 76429480 txs with indexing Speed: 5412.5 txs/sec
[2024-07-02 03:07:22] INFO Block @ 367000 : 2015-07-26 02:55:28 : e44563625d0aeddf584b1bd77d7a6848e7122f704cf448060000000000000000
[2024-07-02 03:10:11] INFO Processed 77387110 txs with indexing Speed: 5404.9 txs/sec
[2024-07-02 03:10:37] INFO Block @ 368000 : 2015-08-01 23:51:48 : 242c10ec3f5c2e56659b53dacf2d9cb84e7512ac0a97390d0000000000000000
[2024-07-02 03:12:53] INFO Processed 78192517 txs with indexing Speed: 5399.7 txs/sec
[2024-07-02 03:13:02] INFO Block @ 369000 : 2015-08-08 20:15:40 : 5e3e888a245b629d0d3232c2030c5715186bef0af762f1130000000000000000
[2024-07-02 03:14:46] INFO Processed 78900322 txs with indexing Speed: 5406.4 txs/sec
[2024-07-02 03:15:08] INFO Block @ 370000 : 2015-08-15 18:12:49 : 8c9b033be5e16651fef6ce6baa6edd297235686f02d3ca020000000000000000
[2024-07-02 03:16:56] INFO Processed 79713095 txs with indexing Speed: 5414.2 txs/sec
[2024-07-02 03:16:56] INFO Block @ 371000 : 2015-08-22 09:45:08 : 3c8b4d3647ec49599d4c7860ac5a2a2183072923c0eb89120000000000000000
[2024-07-02 03:18:51] INFO Processed 80467001 txs with indexing Speed: 5422.7 txs/sec
[2024-07-02 03:19:05] INFO Block @ 372000 : 2015-08-29 04:14:54 : daf36bc83f2a31508b2f2c93401b0d4ebca63580cc9380020000000000000000
[2024-07-02 03:21:06] INFO Processed 81251677 txs with indexing Speed: 5426.2 txs/sec
[2024-07-02 03:21:19] INFO Block @ 373000 : 2015-09-04 16:09:28 : 6a03ef1095ab82321adbbf2ca688095bfb1f9e6a664917120000000000000000
[2024-07-02 03:23:44] INFO Processed 82125351 txs with indexing Speed: 5427.6 txs/sec
[2024-07-02 03:24:09] INFO Block @ 374000 : 2015-09-11 06:55:09 : a66514a809ebcc526b9449fa1ecdbbbe7316728337aa16100000000000000000
[2024-07-02 03:26:52] INFO Processed 83377000 txs with indexing Speed: 5442.4 txs/sec
[2024-07-02 03:26:52] INFO Block @ 375000 : 2015-09-18 00:17:59 : dc65c909673782f397ae3fdf1274af7595bb1ff1f83f73090000000000000000
[2024-07-02 03:28:54] INFO Processed 84171527 txs with indexing Speed: 5450.8 txs/sec
[2024-07-02 03:29:16] INFO Block @ 376000 : 2015-09-25 02:17:38 : ce33113a6bd7266e9583e8f397bc4a8a4ece4fcf999e6e100000000000000000
[2024-07-02 03:30:59] INFO Processed 84968525 txs with indexing Speed: 5458.6 txs/sec
[2024-07-02 03:31:31] INFO Block @ 377000 : 2015-10-01 12:33:42 : e5ca2293a43e35f0e68e617f8315658819e32fabd66953090000000000000000
[2024-07-02 03:33:12] INFO Processed 85862544 txs with indexing Speed: 5469.0 txs/sec
[2024-07-02 03:33:42] INFO Block @ 378000 : 2015-10-08 13:17:18 : 8142da532fd0f118c85c5943c6616e8d527e4b5f5bcd16050000000000000000
[2024-07-02 03:35:48] INFO Processed 86755647 txs with indexing Speed: 5471.8 txs/sec
[2024-07-02 03:36:20] INFO Block @ 379000 : 2015-10-15 11:12:26 : ad46019a29aa8c43e1de8e2047e07889d606093a1a64d70e0000000000000000
[2024-07-02 03:38:29] INFO Processed 87784050 txs with indexing Speed: 5480.7 txs/sec
[2024-07-02 03:38:44] INFO Block @ 380000 : 2015-10-22 06:08:01 : ff71a5156b787d3f615c6f994a02e217260de1cee3ce060b0000000000000000
[2024-07-02 03:40:49] INFO Processed 88688157 txs with indexing Speed: 5489.1 txs/sec
[2024-07-02 03:41:06] INFO Block @ 381000 : 2015-10-28 23:46:56 : a3258d48025c91b2b397fd4f9dcbf60aca8f67e3ed5d960a0000000000000000
[2024-07-02 03:43:40] INFO Processed 89824813 txs with indexing Speed: 5501.3 txs/sec
[2024-07-02 03:44:08] INFO Block @ 382000 : 2015-11-04 10:22:48 : 895ae603826d40dd47ab330780d6fc0fe4bd69075998cf030000000000000000
[2024-07-02 03:46:25] INFO Processed 90906244 txs with indexing Speed: 5511.8 txs/sec
[2024-07-02 03:46:36] INFO Block @ 383000 : 2015-11-11 04:32:22 : e514965a0bab66eef35721b5eecf217c8999ad98061dd3080000000000000000
[2024-07-02 03:48:48] INFO Processed 91863541 txs with indexing Speed: 5522.3 txs/sec
[2024-07-02 03:49:18] INFO Block @ 384000 : 2015-11-17 08:15:50 : b388c2361c6649d2094f21d2c98c7909eb6e2f3ea57edc050000000000000000
[2024-07-02 03:51:15] INFO Processed 92834410 txs with indexing Speed: 5531.8 txs/sec
[2024-07-02 03:51:51] INFO Block @ 385000 : 2015-11-23 18:03:21 : 98f91051c77ab3569bed0c8b0109b3c8db68bd9c856e7f0b0000000000000000
[2024-07-02 03:53:40] INFO Processed 93809337 txs with indexing Speed: 5542.0 txs/sec
[2024-07-02 03:53:56] INFO Block @ 386000 : 2015-11-30 07:39:02 : bb082c2914a69e3d735481987e592a4d87ecddb0c0c8940d0000000000000000
[2024-07-02 03:56:13] INFO Processed 94864997 txs with indexing Speed: 5554.2 txs/sec
[2024-07-02 03:56:58] INFO Block @ 387000 : 2015-12-06 12:04:08 : 5572d5fee07cb39e88778a973e55175d7acca3fe3c7c36020000000000000000
[2024-07-02 03:59:11] INFO Processed 96153050 txs with indexing Speed: 5571.2 txs/sec
[2024-07-02 03:59:24] INFO Block @ 388000 : 2015-12-12 09:38:13 : d5b9423b54745f3b06e9892d7f6ba95c8bc74df8f4e9c5030000000000000000
[2024-07-02 04:02:04] INFO Processed 97420853 txs with indexing Speed: 5588.6 txs/sec
[2024-07-02 04:02:25] INFO Block @ 389000 : 2015-12-18 07:17:52 : bdc316794e1a1131b381ee91c03405e76933dbf76f4a29050000000000000000
[2024-07-02 04:04:58] INFO Processed 98731787 txs with indexing Speed: 5608.2 txs/sec
[2024-07-02 04:05:21] INFO Block @ 390000 : 2015-12-24 17:33:51 : edad6ebe0bce17ba064861a2ad7934521868b5600e0020050000000000000000
[2024-07-02 04:07:41] INFO Processed 99866528 txs with indexing Speed: 5620.6 txs/sec
[2024-07-02 04:08:01] INFO Block @ 391000 : 2015-12-30 17:13:54 : 3b1bde2150c92ee2f8823b312087daca0dc918e6ba3669010000000000000000
[2024-07-02 04:10:01] INFO Processed 100809767 txs with indexing Speed: 5629.0 txs/sec
[2024-07-02 04:10:40] INFO Block @ 392000 : 2016-01-06 12:00:44 : 1cfe0da9a688faa6c8dcbbdcf0d818d6458d9a4a9ddc50080000000000000000
[2024-07-02 04:12:54] INFO Processed 101980486 txs with indexing Speed: 5639.9 txs/sec
[2024-07-02 04:13:05] INFO Block @ 393000 : 2016-01-12 13:34:34 : 4343f81d0fb8df2f70e1ff7f9f937a94840a56c5ee0ffc010000000000000000
[2024-07-02 04:15:50] INFO Processed 103234134 txs with indexing Speed: 5654.5 txs/sec
[2024-07-02 04:16:38] INFO Block @ 394000 : 2016-01-19 10:44:13 : d68adfee4f1ccdf33b2a3694e48bebcd51e380a45761ae090000000000000000
[2024-07-02 04:19:14] INFO Processed 104652643 txs with indexing Speed: 5668.5 txs/sec
[2024-07-02 04:19:35] INFO Block @ 395000 : 2016-01-25 16:06:26 : 64a6a030d34fff3261d04faaa86626513f7da93f610f4b010000000000000000
[2024-07-02 04:22:19] INFO Processed 105984396 txs with indexing Speed: 5684.0 txs/sec
[2024-07-02 04:22:40] INFO Block @ 396000 : 2016-01-31 17:20:24 : 78b405f2ba472be122b427c1ff78fb13b71dcd68c62692070000000000000000
[2024-07-02 04:25:02] INFO Processed 107079604 txs with indexing Speed: 5693.0 txs/sec
[2024-07-02 04:25:22] INFO Block @ 397000 : 2016-02-06 09:21:14 : 16f2e5df4777bb4cc21a3aea79bf07d0f5202d5ae909f0070000000000000000
[2024-07-02 04:28:42] INFO Processed 108621601 txs with indexing Speed: 5707.9 txs/sec
[2024-07-02 04:28:43] INFO Block @ 398000 : 2016-02-12 02:28:15 : 01e0787fc8a8d0b7aee09d1134b5dd163fccbc2d9dbdc6010000000000000000
[2024-07-02 04:31:18] INFO Processed 109748721 txs with indexing Speed: 5720.3 txs/sec
[2024-07-02 04:31:44] INFO Block @ 399000 : 2016-02-18 11:41:04 : 48dab19b18beb47c5a19f364c762871ae9a5194c8d54d2030000000000000000
[2024-07-02 04:34:59] INFO Processed 111425099 txs with indexing Speed: 5741.5 txs/sec
[2024-07-02 04:35:32] INFO Block @ 400000 : 2016-02-25 16:24:44 : 6f3f6e272452ff8f324bedc2dd1cedf1e62f73e46c46ec040000000000000000
[2024-07-02 04:38:37] INFO Processed 113098454 txs with indexing Speed: 5763.0 txs/sec
[2024-07-02 04:39:07] INFO Block @ 401000 : 2016-03-03 19:08:42 : 384790c5d4509237a1807016739e84fbbccda01c2b17af000000000000000000
[2024-07-02 04:41:40] INFO Processed 114351767 txs with indexing Speed: 5773.3 txs/sec
[2024-07-02 04:42:06] INFO Block @ 402000 : 2016-03-10 09:08:01 : 4c26e608a53ffce81237a308bba95c46af8c21eda47d1b000000000000000000
[2024-07-02 04:44:37] INFO Processed 115616820 txs with indexing Speed: 5785.5 txs/sec
[2024-07-02 04:44:59] INFO Block @ 403000 : 2016-03-17 00:20:01 : fd7549cc8df14854055e2f88ce2fa2810aafd9d820b8b3020000000000000000
[2024-07-02 04:47:35] INFO Processed 116933806 txs with indexing Speed: 5799.4 txs/sec
[2024-07-02 04:48:11] INFO Block @ 404000 : 2016-03-24 01:01:31 : 2ca84df3dd21f511b9bfe598091308f1c1540d32d6f0f9040000000000000000
[2024-07-02 04:50:34] INFO Processed 118118309 txs with indexing Speed: 5806.6 txs/sec
[2024-07-02 04:50:53] INFO Block @ 405000 : 2016-03-30 15:20:13 : 370c131f22ed868618c2bd8fd7a629789a39fcc6d66449060000000000000000
[2024-07-02 04:53:59] INFO Processed 119552374 txs with indexing Speed: 5818.5 txs/sec
[2024-07-02 04:54:15] INFO Block @ 406000 : 2016-04-06 10:13:16 : c162240280a0b12de53b23281267213befaa5efcceefb3030000000000000000
[2024-07-02 04:57:05] INFO Processed 120941968 txs with indexing Speed: 5833.3 txs/sec
[2024-07-02 04:57:06] INFO Block @ 407000 : 2016-04-12 22:09:27 : e23bf0ad11d4cfc524110b23d9e1c3c1f21bc86c25e3e2010000000000000000
[2024-07-02 05:00:20] INFO Processed 122370166 txs with indexing Speed: 5847.5 txs/sec
[2024-07-02 05:00:57] INFO Block @ 408000 : 2016-04-19 13:52:21 : 49e62b8baaf4c8987325f4d6b8c2837b579b5d5b3e3dcc030000000000000000
[2024-07-02 05:03:20] INFO Processed 123698490 txs with indexing Speed: 5860.3 txs/sec
[2024-07-02 05:03:38] INFO Block @ 409000 : 2016-04-26 13:12:33 : d8e6c81e70f2d3f31131ff4b65ba4a751183395dd79aa9010000000000000000
[2024-07-02 05:07:03] INFO Processed 125382226 txs with indexing Speed: 5877.9 txs/sec
[2024-07-02 05:07:18] INFO Block @ 410000 : 2016-05-03 07:11:32 : 58a4804b6b04a8da9df15fd082c44d0a5cb7ec00a17e0d060000000000000000
[2024-07-02 05:09:57] INFO Processed 126721446 txs with indexing Speed: 5892.9 txs/sec
[2024-07-02 05:10:10] INFO Block @ 411000 : 2016-05-09 13:58:45 : afe2a94bef1290f84c54041e0d8319f7507d1f4381cabc020000000000000000
[2024-07-02 05:13:19] INFO Processed 128286618 txs with indexing Speed: 5910.2 txs/sec
[2024-07-02 05:13:48] INFO Block @ 412000 : 2016-05-16 11:08:22 : 23bfb993d2391cf2dadce4320d32f23c7dd2af7713cd4d010000000000000000
[2024-07-02 05:16:51] INFO Processed 129722809 txs with indexing Speed: 5918.3 txs/sec
[2024-07-02 05:17:07] INFO Block @ 413000 : 2016-05-23 03:59:15 : 2ab0d2eefe5705e1462ec536c77f5e8062d8cb5922d55b000000000000000000
[2024-07-02 05:20:33] INFO Processed 131278515 txs with indexing Speed: 5929.2 txs/sec
[2024-07-02 05:20:40] INFO Block @ 414000 : 2016-05-30 03:24:19 : 9677aea15e877d6a65980db2ff0b8c059584e69c587e72030000000000000000
[2024-07-02 05:23:49] INFO Processed 132738375 txs with indexing Speed: 5942.8 txs/sec
[2024-07-02 05:24:06] INFO Block @ 415000 : 2016-06-06 04:04:23 : 44d43294d1cf3490d1a6e6ec023cb0aad1127b80eb9b37040000000000000000
[2024-07-02 05:27:41] INFO Processed 134412309 txs with indexing Speed: 5955.9 txs/sec
[2024-07-02 05:27:41] INFO Block @ 416000 : 2016-06-12 18:57:37 : 02018fe892f71c75e8bb89bfc324615dab1de03ea29977050000000000000000
[2024-07-02 05:31:05] INFO Processed 135873662 txs with indexing Speed: 5966.4 txs/sec
[2024-07-02 05:31:26] INFO Block @ 417000 : 2016-06-19 08:08:08 : 6c5d910ed241bf7cce6bdf81ed9f20439b7d517c73e10d050000000000000000
[2024-07-02 05:35:02] INFO Processed 137558059 txs with indexing Speed: 5978.4 txs/sec
[2024-07-02 05:35:07] INFO Block @ 418000 : 2016-06-26 02:38:40 : 9c4107cb1a56ba0198b7cb8f6ae5db5e6c6504b52f5913000000000000000000
[2024-07-02 05:38:12] INFO Processed 138900409 txs with indexing Speed: 5987.1 txs/sec
[2024-07-02 05:38:37] INFO Block @ 419000 : 2016-07-02 19:33:33 : aed20642fdc9bf93692af914c09a1ffbf1c43b2164a151000000000000000000
[2024-07-02 05:41:27] INFO Processed 140312548 txs with indexing Speed: 5997.5 txs/sec
[2024-07-02 05:41:47] INFO Block @ 420000 : 2016-07-09 16:46:13 : a1ff746b2d42b834cb7d6b8981b09c265c2cabc016e8cc020000000000000000
[2024-07-02 05:44:27] INFO Processed 141654374 txs with indexing Speed: 6008.7 txs/sec
[2024-07-02 05:45:05] INFO Block @ 421000 : 2016-07-16 16:17:43 : 9a8d6090d5f77df07cf90913890b19789ec67587df707b030000000000000000
[2024-07-02 05:48:08] INFO Processed 143234465 txs with indexing Speed: 6019.5 txs/sec
[2024-07-02 05:48:41] INFO Block @ 422000 : 2016-07-23 21:27:57 : 94275610dad3f4eb8506f4d6fe6e25138254275c4263bc000000000000000000
[2024-07-02 05:51:43] INFO Processed 144863298 txs with indexing Speed: 6033.2 txs/sec
[2024-07-02 05:51:57] INFO Block @ 423000 : 2016-07-31 10:38:20 : 86ae7232bd73054d32ec078cd080d55009ea4a599f0d91010000000000000000
[2024-07-02 05:55:11] INFO Processed 146345841 txs with indexing Speed: 6042.6 txs/sec
[2024-07-02 05:55:27] INFO Block @ 424000 : 2016-08-06 16:47:00 : 276d83a815dcc5e88440c284050f94a7efe3d9764a564f010000000000000000
[2024-07-02 05:58:52] INFO Processed 148005072 txs with indexing Speed: 6056.1 txs/sec
[2024-07-02 05:58:59] INFO Block @ 425000 : 2016-08-13 10:14:57 : 6dc177def72b0617ddc7d50d98c4f075aaa0b9bcfead42010000000000000000
[2024-07-02 06:02:23] INFO Processed 149581966 txs with indexing Speed: 6068.0 txs/sec
[2024-07-02 06:02:30] INFO Block @ 426000 : 2016-08-20 06:50:42 : 020d2e0f6b3db10aeee1631218749bfb0120412fd62a12000000000000000000
[2024-07-02 06:05:55] INFO Processed 151143625 txs with indexing Speed: 6079.3 txs/sec
[2024-07-02 06:05:55] INFO Block @ 427000 : 2016-08-27 01:05:29 : 5261670130c826e0f8f1e8f1d923b0274a1241c37ffba4040000000000000000
[2024-07-02 06:08:30] INFO Processed 152318432 txs with indexing Speed: 6088.4 txs/sec
[2024-07-02 06:09:14] INFO Block @ 428000 : 2016-09-02 19:16:31 : 3cce5dc6925de6d6fcfaccb1755ca9f2ca44727268eb30040000000000000000
[2024-07-02 06:12:07] INFO Processed 153914363 txs with indexing Speed: 6099.2 txs/sec
[2024-07-02 06:12:31] INFO Block @ 429000 : 2016-09-09 15:51:27 : d1b55aaa68090caa96e1a6c8da5bc8d1441d42abbc55a4020000000000000000
[2024-07-02 06:15:11] INFO Processed 155238721 txs with indexing Speed: 6107.2 txs/sec
[2024-07-02 06:15:29] INFO Block @ 430000 : 2016-09-15 23:39:08 : 876b1822dfdcf4ac0fb74e23ea336bccf385a2b32b8b86010000000000000000
[2024-07-02 06:19:00] INFO Processed 156951449 txs with indexing Speed: 6119.4 txs/sec
[2024-07-02 06:19:00] INFO Block @ 431000 : 2016-09-22 15:41:19 : e09bb8ba3fa94a17805f8e5c11ea97f267033c5c96e04b000000000000000000
[2024-07-02 06:21:39] INFO Processed 158140131 txs with indexing Speed: 6127.8 txs/sec
[2024-07-02 06:22:12] INFO Block @ 432000 : 2016-09-29 00:12:32 : f67a7c317b8dad07fcfbc705cb809cbf6c30cc300f8706020000000000000000
[2024-07-02 06:25:12] INFO Processed 159766455 txs with indexing Speed: 6140.4 txs/sec
[2024-07-02 06:25:47] INFO Block @ 433000 : 2016-10-05 16:29:46 : 3a1758b98640f65d944f002222dbad41a25f05a1cd7c8f030000000000000000
[2024-07-02 06:28:44] INFO Processed 161437826 txs with indexing Speed: 6154.2 txs/sec
[2024-07-02 06:29:07] INFO Block @ 434000 : 2016-10-12 08:02:53 : b928cea91fac0d91afa132aa166d0a5bf9e3e3008b81f3000000000000000000
[2024-07-02 06:32:23] INFO Processed 163083348 txs with indexing Speed: 6165.5 txs/sec
[2024-07-02 06:33:03] INFO Block @ 435000 : 2016-10-19 13:30:14 : e4975a2eaad8c4021776e0d520bfaaa90d397ffcbed746020000000000000000
[2024-07-02 06:35:54] INFO Processed 164631567 txs with indexing Speed: 6175.0 txs/sec
[2024-07-02 06:36:41] INFO Block @ 436000 : 2016-10-26 14:42:48 : 244b5841087c552d912f8c5c5edb58b83d834e99046006030000000000000000
[2024-07-02 06:39:33] INFO Processed 166324328 txs with indexing Speed: 6187.7 txs/sec
[2024-07-02 06:39:54] INFO Block @ 437000 : 2016-11-02 07:43:45 : 289fe8feb1799b34a25668ff3b70aa1ed6c8b0203a9ac4030000000000000000
[2024-07-02 06:43:18] INFO Processed 168116124 txs with indexing Speed: 6202.4 txs/sec
[2024-07-02 06:43:47] INFO Block @ 438000 : 2016-11-09 01:41:43 : b9ee19a31e8d933d0a14a371b6f7f18bb5cc03a5d38d0c010000000000000000
[2024-07-02 06:46:44] INFO Processed 169695721 txs with indexing Speed: 6213.2 txs/sec
[2024-07-02 06:47:13] INFO Block @ 439000 : 2016-11-15 09:38:00 : a608cfb9e354e1854d04d01bd6b4057aa2c1bc199ebf50030000000000000000
[2024-07-02 06:50:35] INFO Processed 171565122 txs with indexing Speed: 6229.2 txs/sec
[2024-07-02 06:51:10] INFO Block @ 440000 : 2016-11-22 01:25:04 : 9bf296b8de5f834f7635d5e258a434ad51b4dbbcf7c08c030000000000000000
[2024-07-02 06:54:37] INFO Processed 173460553 txs with indexing Speed: 6243.0 txs/sec
[2024-07-02 06:54:58] INFO Block @ 441000 : 2016-11-28 16:43:00 : d12352e152cf0ef25bd03e2d699a5626113f55ec4e5b04020000000000000000
[2024-07-02 06:58:27] INFO Processed 175287318 txs with indexing Speed: 6257.1 txs/sec
[2024-07-02 06:59:12] INFO Block @ 442000 : 2016-12-05 07:32:49 : 59719d5e58b05dc37971c77cc1482a8ff9226015eca102000000000000000000
[2024-07-02 07:02:00] INFO Processed 177015480 txs with indexing Speed: 6270.9 txs/sec
[2024-07-02 07:02:49] INFO Block @ 443000 : 2016-12-11 19:55:23 : 7fa1c0e30929cd92142d680916effd8c39c326c1c3ef47000000000000000000
[2024-07-02 07:05:48] INFO Processed 178860659 txs with indexing Speed: 6285.7 txs/sec
[2024-07-02 07:06:07] INFO Block @ 444000 : 2016-12-18 13:20:36 : f7e4a6efea6ba3a0eb839bd7d449ecd4a3591a3e4c9863030000000000000000
[2024-07-02 07:09:55] INFO Processed 180881691 txs with indexing Speed: 6301.8 txs/sec
[2024-07-02 07:10:41] INFO Block @ 445000 : 2016-12-25 08:14:07 : 628737aff9cbbd98739aafe87a92c8f32ab876751b7f28030000000000000000
[2024-07-02 07:13:30] INFO Processed 182621457 txs with indexing Speed: 6315.4 txs/sec
[2024-07-02 07:13:59] INFO Block @ 446000 : 2016-12-31 17:50:29 : 581e69dbbf2501ab7fefd9938d3ea8046a2da2b44b9069020000000000000000
[2024-07-02 07:17:30] INFO Processed 184489985 txs with indexing Speed: 6327.5 txs/sec
[2024-07-02 07:17:33] INFO Block @ 447000 : 2017-01-07 05:28:33 : 93b21502feb5301b455c401683f383bbce5f7353d41e32000000000000000000
[2024-07-02 07:21:29] INFO Processed 186439101 txs with indexing Speed: 6342.1 txs/sec
[2024-07-02 07:21:39] INFO Block @ 448000 : 2017-01-13 15:52:10 : a6017dff9020dd2b7be157b2c637dd7708e276e15996e9010000000000000000
[2024-07-02 07:24:30] INFO Processed 187856531 txs with indexing Speed: 6351.4 txs/sec
[2024-07-02 07:25:20] INFO Block @ 449000 : 2017-01-19 18:31:27 : 76659f8a6a63a3bb62affc99fd6f26438e09b4fa1cdf20000000000000000000
[2024-07-02 07:28:14] INFO Processed 189619891 txs with indexing Speed: 6362.9 txs/sec
[2024-07-02 07:28:35] INFO Block @ 450000 : 2017-01-25 22:11:29 : 0ba2070c62cd9da1f8cef88a0648c661a411d33e728340010000000000000000
[2024-07-02 07:32:12] INFO Processed 191370809 txs with indexing Speed: 6370.5 txs/sec
[2024-07-02 07:32:34] INFO Block @ 451000 : 2017-02-01 06:01:51 : 253c77b460b6551db17b4a89ee42422e0f6830000a0805020000000000000000
[2024-07-02 07:36:45] INFO Processed 193502453 txs with indexing Speed: 6383.7 txs/sec
[2024-07-02 07:36:46] INFO Block @ 452000 : 2017-02-07 20:35:29 : 746d8ee14f77f2ec490e6fbeda03b3272d472c106f5a8e020000000000000000
[2024-07-02 07:40:27] INFO Processed 195282260 txs with indexing Speed: 6395.4 txs/sec
[2024-07-02 07:41:09] INFO Block @ 453000 : 2017-02-14 08:38:55 : d8627e76723fa81b6c174e29e7b25e0b5e1c08bb80529d000000000000000000
[2024-07-02 07:44:34] INFO Processed 197255984 txs with indexing Speed: 6408.2 txs/sec
[2024-07-02 07:45:16] INFO Block @ 454000 : 2017-02-21 06:17:14 : 7d816202461ea1043b22620e3740d324464dde68d58b4e020000000000000000
[2024-07-02 07:48:29] INFO Processed 199110175 txs with indexing Speed: 6419.4 txs/sec
[2024-07-02 07:48:50] INFO Block @ 455000 : 2017-02-27 16:55:48 : 883f99d253d0f6b26d9c2bb7822f3267e6be1c4ebeb754020000000000000000
[2024-07-02 07:53:07] INFO Processed 201437077 txs with indexing Speed: 6436.9 txs/sec
[2024-07-02 07:53:18] INFO Block @ 456000 : 2017-03-06 10:39:49 : 9f08da63a7b6148ede5f84c491362ae23bfcc4dc9a5abd010000000000000000
[2024-07-02 07:56:37] INFO Processed 203063413 txs with indexing Speed: 6445.4 txs/sec
[2024-07-02 07:57:38] INFO Block @ 457000 : 2017-03-13 03:21:06 : 679f49a41efd2df0c7c0b9360beb110c2402d65e3a66d4010000000000000000
[2024-07-02 08:01:01] INFO Processed 205071681 txs with indexing Speed: 6455.1 txs/sec
[2024-07-02 08:01:27] INFO Block @ 458000 : 2017-03-19 16:59:02 : ce131b3134125f0461b0100ebfa4c8f6910ccea6e665f0010000000000000000
[2024-07-02 08:04:52] INFO Processed 206902359 txs with indexing Speed: 6465.7 txs/sec
[2024-07-02 08:05:13] INFO Block @ 459000 : 2017-03-26 09:48:35 : fdd0fbc1d3579d116591a8b68e3f81754706d3beb6a024010000000000000000
[2024-07-02 08:09:04] INFO Processed 208784846 txs with indexing Speed: 6473.5 txs/sec
[2024-07-02 08:09:38] INFO Block @ 460000 : 2017-04-02 04:40:51 : 8c25fc7e414d3e868d6ce0ec473c30ad44e7e8bc1b75ef000000000000000000
[2024-07-02 08:13:02] INFO Processed 210568306 txs with indexing Speed: 6481.2 txs/sec
[2024-07-02 08:13:25] INFO Block @ 461000 : 2017-04-08 17:53:20 : 43adb77cc201daf6e969a83516ce025f38ab0dd46a3c2c010000000000000000
[2024-07-02 08:17:02] INFO Processed 212370091 txs with indexing Speed: 6488.5 txs/sec
[2024-07-02 08:17:31] INFO Block @ 462000 : 2017-04-15 13:44:25 : 404a0503c593a4a90580e83c93aad4f621e32229c1f217020000000000000000
[2024-07-02 08:21:16] INFO Processed 214304102 txs with indexing Speed: 6497.2 txs/sec
[2024-07-02 08:21:28] INFO Block @ 463000 : 2017-04-22 12:34:30 : 42ecdc9995c575b45496ccd63d95518bbe4fc38b5a7360000000000000000000
[2024-07-02 08:25:11] INFO Processed 216223639 txs with indexing Speed: 6509.0 txs/sec
[2024-07-02 08:25:41] INFO Block @ 464000 : 2017-04-29 08:41:02 : 891e71d60b92d64d56be14c0ebffb78e6c599d724f8c11000000000000000000
[2024-07-02 08:29:27] INFO Processed 218318109 txs with indexing Speed: 6521.8 txs/sec
[2024-07-02 08:29:39] INFO Block @ 465000 : 2017-05-05 23:11:54 : fcd0ec3e1c7b050dbfdf69dc4522d9609db331b8a5921d010000000000000000
[2024-07-02 08:33:45] INFO Processed 220454003 txs with indexing Speed: 6535.5 txs/sec
[2024-07-02 08:34:34] INFO Block @ 466000 : 2017-05-12 07:08:56 : d712fbd94885728d56a67965e60282ffcedd9e0c9e227e000000000000000000
[2024-07-02 08:37:45] INFO Processed 222414961 txs with indexing Speed: 6546.8 txs/sec
[2024-07-02 08:38:14] INFO Block @ 467000 : 2017-05-18 17:15:14 : ece9d287a4502636708ca96f489d6d9e4e46fc8b03c321010000000000000000
[2024-07-02 08:41:59] INFO Processed 224608043 txs with indexing Speed: 6562.3 txs/sec
[2024-07-02 08:42:36] INFO Block @ 468000 : 2017-05-25 02:41:16 : c62c7bf0c444ae7d87bb5107e1754452f2ec47c5db2626010000000000000000
[2024-07-02 08:46:12] INFO Processed 226629478 txs with indexing Speed: 6572.8 txs/sec
[2024-07-02 08:46:43] INFO Block @ 469000 : 2017-05-31 05:33:22 : a5326d55bcfd6ece96e9c92d99638653e0681d38d76116010000000000000000
[2024-07-02 08:50:16] INFO Processed 228389014 txs with indexing Speed: 6577.5 txs/sec
[2024-07-02 08:50:32] INFO Block @ 470000 : 2017-06-06 06:30:43 : 89756d1ed75901437300af10d5ab69070a282e729c536c000000000000000000
[2024-07-02 08:54:49] INFO Processed 230425916 txs with indexing Speed: 6584.2 txs/sec
[2024-07-02 08:54:49] INFO Block @ 471000 : 2017-06-12 20:22:41 : 1555c4707976e6d769403a98ac58e97f2762872f7cdd10000000000000000000
[2024-07-02 08:58:35] INFO Processed 232060583 txs with indexing Speed: 6588.3 txs/sec
[2024-07-02 08:59:07] INFO Block @ 472000 : 2017-06-19 18:33:13 : 08203c53368082f4d72f5633aeb7ff98fcc8f6f9a8fc7a000000000000000000
[2024-07-02 09:02:58] INFO Processed 233900727 txs with indexing Speed: 6591.5 txs/sec
[2024-07-02 09:02:59] INFO Block @ 473000 : 2017-06-26 18:36:33 : 109e735d7e6e631b752f7ee97c8ed7bde5c889d30a1a78010000000000000000
[2024-07-02 09:06:43] INFO Processed 235435006 txs with indexing Speed: 6592.8 txs/sec
[2024-07-02 09:07:12] INFO Block @ 474000 : 2017-07-03 08:30:04 : 40d6b251006d234c74482e7818839344800a9b04306209000000000000000000
[2024-07-02 09:10:26] INFO Processed 236954517 txs with indexing Speed: 6594.2 txs/sec
[2024-07-02 09:10:51] INFO Block @ 475000 : 2017-07-09 22:05:46 : 1ce7cdbecee4c9f5e144834f685c5f2cb08ae788fd427c010000000000000000
[2024-07-02 09:14:14] INFO Processed 238508933 txs with indexing Speed: 6595.6 txs/sec
[2024-07-02 09:14:32] INFO Block @ 476000 : 2017-07-16 02:16:32 : e324b1a95e6d2fd01698a75589134ef565b4059d34b22a010000000000000000
[2024-07-02 09:18:13] INFO Processed 240048774 txs with indexing Speed: 6594.6 txs/sec
[2024-07-02 09:18:47] INFO Block @ 477000 : 2017-07-22 12:06:34 : 07d575be7af16a9605271e2c5f2eb1adb0956c55ef6320000000000000000000
[2024-07-02 09:22:03] INFO Processed 241503840 txs with indexing Speed: 6592.9 txs/sec
[2024-07-02 09:22:09] INFO Block @ 478000 : 2017-07-28 18:48:33 : a49d2ac12a3c5d188da36d4247e8272ac767bc76aa3358000000000000000000
[2024-07-02 09:25:43] INFO Processed 242800742 txs with indexing Speed: 6588.9 txs/sec
[2024-07-02 09:26:15] INFO Block @ 479000 : 2017-08-04 11:53:34 : a378f88d9c218c767f7920bbba37afc3c25265c9630c37010000000000000000
[2024-07-02 09:29:37] INFO Processed 244365847 txs with indexing Speed: 6589.3 txs/sec
[2024-07-02 09:29:50] INFO Block @ 480000 : 2017-08-10 23:25:59 : b1a896fd31e639e0c74d1abeb1dbc93f176b767a5d4c02010000000000000000
[2024-07-02 09:33:51] INFO Processed 246355478 txs with indexing Speed: 6597.8 txs/sec
[2024-07-02 09:34:11] INFO Block @ 481000 : 2017-08-17 21:39:55 : 4f150588dd6cf5a19268083560e9d824619a316dc32221010000000000000000
[2024-07-02 09:38:00] INFO Processed 248313619 txs with indexing Speed: 6606.4 txs/sec
